-------------------------------------------------------------------------------
Test set: com.smile.and.pay.ebb.rest.TestRestController
-------------------------------------------------------------------------------
Tests run: 1, Failures: 0, Errors: 1, Skipped: 0, Time elapsed: 0.178 s <<< FAILURE! - in com.smile.and.pay.ebb.rest.TestRestController
com.smile.and.pay.ebb.rest.TestRestController  Time elapsed: 0.176 s  <<< ERROR!
java.lang.IllegalStateException: Configuration error: found multiple declarations of @BootstrapWith for test class [com.smile.and.pay.ebb.rest.TestRestController]: [@org.springframework.test.context.BootstrapWith(value=org.springframework.boot.test.autoconfigure.web.servlet.WebMvcTestContextBootstrapper.class), @org.springframework.test.context.BootstrapWith(value=org.springframework.boot.test.context.SpringBootTestContextBootstrapper.class)]

