<?xml version="1.0" encoding="UTF-8"?>
<testsuite xmlns:xsi="http://www.w3.org/2001/XMLSchema-instance" xsi:noNamespaceSchemaLocation="https://maven.apache.org/surefire/maven-surefire-plugin/xsd/surefire-test-report.xsd" name="com.smile.and.pay.ebb.soap.SoapControllerTest" time="11.107" tests="4" errors="4" skipped="0" failures="0">
  <properties>
[...]
</properties>
  <testcase name="test_delete_product" classname="com.smile.and.pay.ebb.soap.SoapControllerTest" time="4.684">
    <error message="Could not send Message." type="javax.xml.ws.WebServiceException">javax.xml.ws.WebServiceException: Could not send Message.
	at com.smile.and.pay.ebb.soap.SoapControllerTest.test_delete_product(SoapControllerTest.java:73)
Caused by: java.net.ConnectException: ConnectException invoking http://localhost:8080/soap-api/SmileAndPayService_1.0?wsdl: Connection refused: connect
	at com.smile.and.pay.ebb.soap.SoapControllerTest.test_delete_product(SoapControllerTest.java:73)
Caused by: java.net.ConnectException: Connection refused: connect
	at com.smile.and.pay.ebb.soap.SoapControllerTest.test_delete_product(SoapControllerTest.java:73)
</error>
    <system-out><![CDATA[11:19:42.798 [main] DEBUG org.apache.cxf.common.logging.LogUtils - Using org.apache.cxf.common.logging.Slf4jLogger for logging.
11:19:43.148 [main] INFO org.apache.cxf.wsdl.service.factory.ReflectionServiceFactoryBean - Creating Service {http://soap.ebb.pay.and.smile.com/}SmileAndPayServiceService from class com.smile.and.pay.ebb.soap.SmileAndPayService
11:19:43.684 [main] DEBUG org.apache.cxf.jaxb.JAXBDataBinding - Created JAXBContext "jar:file:/C:/Users/u177229/.m2/repository/org/glassfish/jaxb/jaxb-runtime/2.3.6/jaxb-runtime-2.3.6.jar!/com/sun/xml/bind/v2/runtime/JAXBContextImpl.class Build-Id: 2.3.6
Classes known to this context:
  [B
  boolean
  byte
  char
  com.smile.and.pay.ebb.models.Address
  com.smile.and.pay.ebb.models.Marchand
  com.smile.and.pay.ebb.models.Product
  com.smile.and.pay.ebb.models.SmileAndPayResponse
  com.smile.and.pay.ebb.soap.jaxws_asm.AddMarchand
  com.smile.and.pay.ebb.soap.jaxws_asm.AddMarchandResponse
  com.smile.and.pay.ebb.soap.jaxws_asm.AddProduct
  com.smile.and.pay.ebb.soap.jaxws_asm.AddProductResponse
  com.smile.and.pay.ebb.soap.jaxws_asm.Associate
  com.smile.and.pay.ebb.soap.jaxws_asm.AssociateResponse
  com.smile.and.pay.ebb.soap.jaxws_asm.DeleteMarchandById
  com.smile.and.pay.ebb.soap.jaxws_asm.DeleteMarchandByIdResponse
  com.smile.and.pay.ebb.soap.jaxws_asm.DeleteProductById
  com.smile.and.pay.ebb.soap.jaxws_asm.DeleteProductByIdResponse
  com.sun.xml.bind.api.CompositeStructure
  double
  float
  int
  java.awt.Image
  java.io.File
  java.lang.Boolean
  java.lang.Byte
  java.lang.Character
  java.lang.Class
  java.lang.Double
  java.lang.Float
  java.lang.Integer
  java.lang.Long
  java.lang.Object
  java.lang.Short
  java.lang.String
  java.lang.Void
  java.math.BigDecimal
  java.math.BigInteger
  java.net.URI
  java.net.URL
  java.util.Calendar
  java.util.Date
  java.util.GregorianCalendar
  java.util.UUID
  javax.activation.DataHandler
  javax.xml.bind.JAXBElement
  javax.xml.datatype.Duration
  javax.xml.datatype.XMLGregorianCalendar
  javax.xml.namespace.QName
  javax.xml.transform.Source
  long
  org.apache.cxf.wsdl.http.AddressType
  org.apache.cxf.wsdl.http.BindingType
  org.apache.cxf.wsdl.http.OperationType
  org.apache.cxf.wsdl.http.UrlEncoded
  org.apache.cxf.wsdl.http.UrlReplacement
  short
  void
" with classes [class com.smile.and.pay.ebb.soap.jaxws_asm.Associate, class com.smile.and.pay.ebb.soap.jaxws_asm.AssociateResponse, class com.smile.and.pay.ebb.models.SmileAndPayResponse, class com.smile.and.pay.ebb.soap.jaxws_asm.AddProduct, class com.smile.and.pay.ebb.models.Product, class com.smile.and.pay.ebb.models.Marchand, class com.smile.and.pay.ebb.models.Address, class com.smile.and.pay.ebb.soap.jaxws_asm.AddProductResponse, class com.smile.and.pay.ebb.soap.jaxws_asm.AddMarchand, class com.smile.and.pay.ebb.soap.jaxws_asm.AddMarchandResponse, class com.smile.and.pay.ebb.soap.jaxws_asm.DeleteMarchandById, class com.smile.and.pay.ebb.soap.jaxws_asm.DeleteMarchandByIdResponse, class com.smile.and.pay.ebb.soap.jaxws_asm.DeleteProductById, class com.smile.and.pay.ebb.soap.jaxws_asm.DeleteProductByIdResponse, class org.apache.cxf.wsdl.http.ObjectFactory].
11:19:43.972 [main] DEBUG org.apache.cxf.resource.DefaultResourceManager - resolving resource <org.apache.cxf.wsdl11.WSDLManagerImpl/bus> type <interface org.apache.cxf.Bus>
11:19:43.974 [main] DEBUG org.apache.cxf.resource.DefaultResourceManager - resolving resource <null> type <interface org.apache.cxf.Bus>
11:19:44.154 [main] DEBUG org.apache.cxf.jaxws.handler.AnnotationHandlerChainBuilder - building handler chain
11:19:44.154 [main] DEBUG org.apache.cxf.jaxws.handler.AnnotationHandlerChainBuilder - Checking for HandlerChain annotation on com.smile.and.pay.ebb.soap.SmileAndPayService
11:19:44.154 [main] DEBUG org.apache.cxf.jaxws.handler.AnnotationHandlerChainBuilder - no HandlerChain annotation on interface com.smile.and.pay.ebb.soap.SmileAndPayService
11:19:44.164 [main] DEBUG org.apache.cxf.endpoint.ClientImpl - Invoke, operation info: [BindingOperationInfo: {http://soap.ebb.pay.and.smile.com/}deleteProductById], params: [5]
11:19:44.167 [main] DEBUG org.apache.cxf.endpoint.ClientImpl - set requestContext to message be{org.apache.cxf.jaxws.context.WrappedMessageContext.SCOPES={org.apache.cxf.message.Message.ENDPOINT_ADDRESS=APPLICATION}, org.apache.cxf.message.Message.ENDPOINT_ADDRESS=http://localhost:8080/soap-api/SmileAndPayService_1.0?wsdl, java.lang.reflect.Method=public abstract com.smile.and.pay.ebb.models.SmileAndPayResponse com.smile.and.pay.ebb.soap.SmileAndPayService.deleteProductById(int)}
11:19:44.170 [main] DEBUG org.apache.cxf.endpoint.ClientImpl - Interceptors contributed by bus: [org.apache.cxf.ws.policy.PolicyOutInterceptor@9c877b]
11:19:44.170 [main] DEBUG org.apache.cxf.endpoint.ClientImpl - Interceptors contributed by client: [org.apache.cxf.interceptor.LoggingOutInterceptor@fde75f]
11:19:44.170 [main] DEBUG org.apache.cxf.endpoint.ClientImpl - Interceptors contributed by endpoint: [org.apache.cxf.interceptor.MessageSenderInterceptor@16ecee1, org.apache.cxf.jaxws.interceptors.SwAOutInterceptor@1220bcb, org.apache.cxf.jaxws.interceptors.WrapperClassOutInterceptor@195e48b, org.apache.cxf.jaxws.interceptors.HolderOutInterceptor@3329b9]
11:19:44.170 [main] DEBUG org.apache.cxf.endpoint.ClientImpl - Interceptors contributed by binding: [org.apache.cxf.interceptor.AttachmentOutInterceptor@1ddefd8, org.apache.cxf.interceptor.StaxOutInterceptor@ac7fb, org.apache.cxf.binding.soap.interceptor.SoapHeaderOutFilterInterceptor@bfd80d, org.apache.cxf.wsdl.interceptors.WrappedOutInterceptor@1925502, org.apache.cxf.wsdl.interceptors.BareOutInterceptor@1e3c1c7, org.apache.cxf.binding.soap.interceptor.SoapPreProtocolOutInterceptor@116e95f, org.apache.cxf.binding.soap.interceptor.SoapOutInterceptor@1053c80]
11:19:44.170 [main] DEBUG org.apache.cxf.endpoint.ClientImpl - Interceptors contributed by databinding: []
11:19:44.177 [main] DEBUG org.apache.cxf.phase.PhaseInterceptorChain - Adding interceptor org.apache.cxf.ws.policy.PolicyOutInterceptor@9c877b to phase setup
11:19:44.177 [main] DEBUG org.apache.cxf.phase.PhaseInterceptorChain - Adding interceptor org.apache.cxf.interceptor.LoggingOutInterceptor@fde75f to phase pre-stream
11:19:44.179 [main] DEBUG org.apache.cxf.phase.PhaseInterceptorChain - Adding interceptor org.apache.cxf.interceptor.MessageSenderInterceptor@16ecee1 to phase prepare-send
11:19:44.179 [main] DEBUG org.apache.cxf.phase.PhaseInterceptorChain - Adding interceptor org.apache.cxf.jaxws.interceptors.SwAOutInterceptor@1220bcb to phase pre-logical
11:19:44.179 [main] DEBUG org.apache.cxf.phase.PhaseInterceptorChain - Adding interceptor org.apache.cxf.jaxws.interceptors.WrapperClassOutInterceptor@195e48b to phase pre-logical
11:19:44.179 [main] DEBUG org.apache.cxf.phase.PhaseInterceptorChain - Adding interceptor org.apache.cxf.jaxws.interceptors.HolderOutInterceptor@3329b9 to phase pre-logical
11:19:44.179 [main] DEBUG org.apache.cxf.phase.PhaseInterceptorChain - Adding interceptor org.apache.cxf.interceptor.AttachmentOutInterceptor@1ddefd8 to phase pre-stream
11:19:44.179 [main] DEBUG org.apache.cxf.phase.PhaseInterceptorChain - Adding interceptor org.apache.cxf.interceptor.StaxOutInterceptor@ac7fb to phase pre-stream
11:19:44.180 [main] DEBUG org.apache.cxf.phase.PhaseInterceptorChain - Adding interceptor org.apache.cxf.binding.soap.interceptor.SoapHeaderOutFilterInterceptor@bfd80d to phase pre-logical
11:19:44.180 [main] DEBUG org.apache.cxf.phase.PhaseInterceptorChain - Adding interceptor org.apache.cxf.wsdl.interceptors.WrappedOutInterceptor@1925502 to phase marshal
11:19:44.180 [main] DEBUG org.apache.cxf.phase.PhaseInterceptorChain - Adding interceptor org.apache.cxf.wsdl.interceptors.BareOutInterceptor@1e3c1c7 to phase marshal
11:19:44.180 [main] DEBUG org.apache.cxf.phase.PhaseInterceptorChain - Adding interceptor org.apache.cxf.binding.soap.interceptor.SoapPreProtocolOutInterceptor@116e95f to phase post-logical
11:19:44.180 [main] DEBUG org.apache.cxf.phase.PhaseInterceptorChain - Adding interceptor org.apache.cxf.binding.soap.interceptor.SoapOutInterceptor@1053c80 to phase write
11:19:44.248 [main] DEBUG org.apache.cxf.transport.http.HTTPConduit - Conduit '{http://soap.ebb.pay.and.smile.com/}SmileAndPayServicePort.http-conduit' has been (re)configured for plain http.
11:19:44.249 [main] DEBUG org.apache.cxf.transport.http.HTTPConduit - No Trust Decider configured for Conduit '{http://soap.ebb.pay.and.smile.com/}SmileAndPayServicePort.http-conduit'
11:19:44.249 [main] DEBUG org.apache.cxf.transport.http.HTTPConduit - No Auth Supplier configured for Conduit '{http://soap.ebb.pay.and.smile.com/}SmileAndPayServicePort.http-conduit'
11:19:44.249 [main] DEBUG org.apache.cxf.transport.http.HTTPConduit - Conduit '{http://soap.ebb.pay.and.smile.com/}SmileAndPayServicePort.http-conduit' has been configured for plain http.
11:19:44.249 [main] DEBUG org.apache.cxf.transport.http.HTTPConduit - registering incoming observer: org.apache.cxf.endpoint.ClientImpl@1c44dec
11:19:44.251 [main] DEBUG org.apache.cxf.phase.PhaseInterceptorChain - Chain org.apache.cxf.phase.PhaseInterceptorChain@92b61e was created. Current flow:
  setup [PolicyOutInterceptor]
  pre-logical [HolderOutInterceptor, SwAOutInterceptor, WrapperClassOutInterceptor, SoapHeaderOutFilterInterceptor]
  post-logical [SoapPreProtocolOutInterceptor]
  prepare-send [MessageSenderInterceptor]
  pre-stream [LoggingOutInterceptor, AttachmentOutInterceptor, StaxOutInterceptor]
  write [SoapOutInterceptor]
  marshal [WrappedOutInterceptor, BareOutInterceptor]

11:19:44.251 [main] DEBUG org.apache.cxf.phase.PhaseInterceptorChain - Invoking handleMessage on interceptor org.apache.cxf.ws.policy.PolicyOutInterceptor@9c877b
11:19:44.259 [main] DEBUG org.apache.cxf.phase.PhaseInterceptorChain - Invoking handleMessage on interceptor org.apache.cxf.jaxws.interceptors.HolderOutInterceptor@3329b9
11:19:44.260 [main] DEBUG org.apache.cxf.jaxws.interceptors.HolderOutInterceptor - op: [OperationInfo: {http://soap.ebb.pay.and.smile.com/}deleteProductById]
11:19:44.260 [main] DEBUG org.apache.cxf.jaxws.interceptors.HolderOutInterceptor - op.hasOutput(): true
11:19:44.260 [main] DEBUG org.apache.cxf.jaxws.interceptors.HolderOutInterceptor - op.getOutput().size(): 1
11:19:44.261 [main] DEBUG org.apache.cxf.phase.PhaseInterceptorChain - Invoking handleMessage on interceptor org.apache.cxf.jaxws.interceptors.SwAOutInterceptor@1220bcb
11:19:44.263 [main] DEBUG org.apache.cxf.phase.PhaseInterceptorChain - Invoking handleMessage on interceptor org.apache.cxf.jaxws.interceptors.WrapperClassOutInterceptor@195e48b
11:19:44.277 [main] DEBUG org.apache.cxf.phase.PhaseInterceptorChain - Invoking handleMessage on interceptor org.apache.cxf.binding.soap.interceptor.SoapHeaderOutFilterInterceptor@bfd80d
11:19:44.279 [main] DEBUG org.apache.cxf.phase.PhaseInterceptorChain - Invoking handleMessage on interceptor org.apache.cxf.binding.soap.interceptor.SoapPreProtocolOutInterceptor@116e95f
11:19:44.279 [main] DEBUG org.apache.cxf.phase.PhaseInterceptorChain - Invoking handleMessage on interceptor org.apache.cxf.interceptor.MessageSenderInterceptor@16ecee1
11:19:44.303 [main] DEBUG org.apache.cxf.phase.PhaseInterceptorChain - Adding interceptor org.apache.cxf.interceptor.MessageSenderInterceptor$MessageSenderEndingInterceptor@56e013 to phase prepare-send-ending
11:19:44.304 [main] DEBUG org.apache.cxf.phase.PhaseInterceptorChain - Chain org.apache.cxf.phase.PhaseInterceptorChain@92b61e was modified. Current flow:
  setup [PolicyOutInterceptor]
  pre-logical [HolderOutInterceptor, SwAOutInterceptor, WrapperClassOutInterceptor, SoapHeaderOutFilterInterceptor]
  post-logical [SoapPreProtocolOutInterceptor]
  prepare-send [MessageSenderInterceptor]
  pre-stream [LoggingOutInterceptor, AttachmentOutInterceptor, StaxOutInterceptor]
  write [SoapOutInterceptor]
  marshal [WrappedOutInterceptor, BareOutInterceptor]
  prepare-send-ending [MessageSenderEndingInterceptor]

11:19:44.304 [main] DEBUG org.apache.cxf.phase.PhaseInterceptorChain - Invoking handleMessage on interceptor org.apache.cxf.interceptor.LoggingOutInterceptor@fde75f
11:19:44.309 [main] DEBUG org.apache.cxf.phase.PhaseInterceptorChain - Invoking handleMessage on interceptor org.apache.cxf.interceptor.AttachmentOutInterceptor@1ddefd8
11:19:45.134 [main] DEBUG org.apache.cxf.phase.PhaseInterceptorChain - Invoking handleMessage on interceptor org.apache.cxf.interceptor.StaxOutInterceptor@ac7fb
11:19:45.216 [main] DEBUG org.apache.cxf.phase.PhaseInterceptorChain - Adding interceptor org.apache.cxf.interceptor.StaxOutEndingInterceptor@9f80d3 to phase pre-stream-ending
11:19:45.217 [main] DEBUG org.apache.cxf.phase.PhaseInterceptorChain - Chain org.apache.cxf.phase.PhaseInterceptorChain@92b61e was modified. Current flow:
  setup [PolicyOutInterceptor]
  pre-logical [HolderOutInterceptor, SwAOutInterceptor, WrapperClassOutInterceptor, SoapHeaderOutFilterInterceptor]
  post-logical [SoapPreProtocolOutInterceptor]
  prepare-send [MessageSenderInterceptor]
  pre-stream [LoggingOutInterceptor, AttachmentOutInterceptor, StaxOutInterceptor]
  write [SoapOutInterceptor]
  marshal [WrappedOutInterceptor, BareOutInterceptor]
  pre-stream-ending [StaxOutEndingInterceptor]
  prepare-send-ending [MessageSenderEndingInterceptor]

11:19:45.217 [main] DEBUG org.apache.cxf.phase.PhaseInterceptorChain - Invoking handleMessage on interceptor org.apache.cxf.binding.soap.interceptor.SoapOutInterceptor@1053c80
11:19:45.220 [main] DEBUG org.apache.cxf.phase.PhaseInterceptorChain - Adding interceptor org.apache.cxf.binding.soap.interceptor.SoapOutInterceptor$SoapOutEndingInterceptor@9635fa to phase write-ending
11:19:45.222 [main] DEBUG org.apache.cxf.phase.PhaseInterceptorChain - Chain org.apache.cxf.phase.PhaseInterceptorChain@92b61e was modified. Current flow:
  setup [PolicyOutInterceptor]
  pre-logical [HolderOutInterceptor, SwAOutInterceptor, WrapperClassOutInterceptor, SoapHeaderOutFilterInterceptor]
  post-logical [SoapPreProtocolOutInterceptor]
  prepare-send [MessageSenderInterceptor]
  pre-stream [LoggingOutInterceptor, AttachmentOutInterceptor, StaxOutInterceptor]
  write [SoapOutInterceptor]
  marshal [WrappedOutInterceptor, BareOutInterceptor]
  write-ending [SoapOutEndingInterceptor]
  pre-stream-ending [StaxOutEndingInterceptor]
  prepare-send-ending [MessageSenderEndingInterceptor]

11:19:45.222 [main] DEBUG org.apache.cxf.phase.PhaseInterceptorChain - Invoking handleMessage on interceptor org.apache.cxf.wsdl.interceptors.WrappedOutInterceptor@1925502
11:19:45.222 [main] DEBUG org.apache.cxf.phase.PhaseInterceptorChain - Invoking handleMessage on interceptor org.apache.cxf.wsdl.interceptors.BareOutInterceptor@1e3c1c7
11:19:45.250 [main] DEBUG org.apache.cxf.phase.PhaseInterceptorChain - Invoking handleMessage on interceptor org.apache.cxf.binding.soap.interceptor.SoapOutInterceptor$SoapOutEndingInterceptor@9635fa
11:19:45.251 [main] DEBUG org.apache.cxf.phase.PhaseInterceptorChain - Invoking handleMessage on interceptor org.apache.cxf.interceptor.StaxOutEndingInterceptor@9f80d3
11:19:45.251 [main] DEBUG org.apache.cxf.phase.PhaseInterceptorChain - Invoking handleMessage on interceptor org.apache.cxf.interceptor.MessageSenderInterceptor$MessageSenderEndingInterceptor@56e013
11:19:45.252 [main] INFO org.apache.cxf.services.SmileAndPayServiceService.SmileAndPayServicePort.SmileAndPayService - Outbound Message
---------------------------
ID: 1
Address: http://localhost:8080/soap-api/SmileAndPayService_1.0?wsdl
Encoding: UTF-8
Http-Method: POST
Content-Type: text/xml
Headers: {Accept=[*/*], SOAPAction=[""]}
Payload: <soap:Envelope xmlns:soap="http://schemas.xmlsoap.org/soap/envelope/"><soap:Body><ns2:deleteProductById xmlns:ns2="http://soap.ebb.pay.and.smile.com/" xmlns:ns3="http://schemas.xmlsoap.org/wsdl/http/"><productId>5</productId></ns2:deleteProductById></soap:Body></soap:Envelope>
--------------------------------------
11:19:45.254 [main] DEBUG org.apache.cxf.transport.http.Headers - Accept: */*
11:19:45.255 [main] DEBUG org.apache.cxf.transport.http.Headers - SOAPAction: ""
11:19:45.255 [main] DEBUG org.apache.cxf.transport.http.HTTPConduit - No Trust Decider for Conduit '{http://soap.ebb.pay.and.smile.com/}SmileAndPayServicePort.http-conduit'. An afirmative Trust Decision is assumed.
11:19:47.319 [main] DEBUG org.apache.cxf.phase.PhaseInterceptorChain - Invoking handleFault on interceptor org.apache.cxf.interceptor.MessageSenderInterceptor$MessageSenderEndingInterceptor@56e013
11:19:47.320 [main] DEBUG org.apache.cxf.phase.PhaseInterceptorChain - Invoking handleFault on interceptor org.apache.cxf.interceptor.StaxOutEndingInterceptor@9f80d3
11:19:47.320 [main] DEBUG org.apache.cxf.phase.PhaseInterceptorChain - Invoking handleFault on interceptor org.apache.cxf.binding.soap.interceptor.SoapOutInterceptor$SoapOutEndingInterceptor@9635fa
11:19:47.320 [main] DEBUG org.apache.cxf.phase.PhaseInterceptorChain - Invoking handleFault on interceptor org.apache.cxf.wsdl.interceptors.BareOutInterceptor@1e3c1c7
11:19:47.320 [main] DEBUG org.apache.cxf.phase.PhaseInterceptorChain - Invoking handleFault on interceptor org.apache.cxf.wsdl.interceptors.WrappedOutInterceptor@1925502
11:19:47.320 [main] DEBUG org.apache.cxf.phase.PhaseInterceptorChain - Invoking handleFault on interceptor org.apache.cxf.binding.soap.interceptor.SoapOutInterceptor@1053c80
11:19:47.320 [main] DEBUG org.apache.cxf.phase.PhaseInterceptorChain - Invoking handleFault on interceptor org.apache.cxf.interceptor.StaxOutInterceptor@ac7fb
11:19:47.320 [main] DEBUG org.apache.cxf.phase.PhaseInterceptorChain - Invoking handleFault on interceptor org.apache.cxf.interceptor.AttachmentOutInterceptor@1ddefd8
11:19:47.320 [main] DEBUG org.apache.cxf.phase.PhaseInterceptorChain - Invoking handleFault on interceptor org.apache.cxf.interceptor.LoggingOutInterceptor@fde75f
11:19:47.320 [main] DEBUG org.apache.cxf.phase.PhaseInterceptorChain - Invoking handleFault on interceptor org.apache.cxf.interceptor.MessageSenderInterceptor@16ecee1
11:19:47.320 [main] DEBUG org.apache.cxf.phase.PhaseInterceptorChain - Invoking handleFault on interceptor org.apache.cxf.binding.soap.interceptor.SoapPreProtocolOutInterceptor@116e95f
11:19:47.320 [main] DEBUG org.apache.cxf.phase.PhaseInterceptorChain - Invoking handleFault on interceptor org.apache.cxf.binding.soap.interceptor.SoapHeaderOutFilterInterceptor@bfd80d
11:19:47.320 [main] DEBUG org.apache.cxf.phase.PhaseInterceptorChain - Invoking handleFault on interceptor org.apache.cxf.jaxws.interceptors.WrapperClassOutInterceptor@195e48b
11:19:47.320 [main] DEBUG org.apache.cxf.phase.PhaseInterceptorChain - Invoking handleFault on interceptor org.apache.cxf.jaxws.interceptors.SwAOutInterceptor@1220bcb
11:19:47.321 [main] DEBUG org.apache.cxf.phase.PhaseInterceptorChain - Invoking handleFault on interceptor org.apache.cxf.jaxws.interceptors.HolderOutInterceptor@3329b9
11:19:47.321 [main] DEBUG org.apache.cxf.phase.PhaseInterceptorChain - Invoking handleFault on interceptor org.apache.cxf.ws.policy.PolicyOutInterceptor@9c877b
11:19:47.329 [main] WARN org.apache.cxf.phase.PhaseInterceptorChain - Interceptor for {http://soap.ebb.pay.and.smile.com/}SmileAndPayServiceService#{http://soap.ebb.pay.and.smile.com/}deleteProductById has thrown exception, unwinding now
org.apache.cxf.interceptor.Fault: Could not send Message.
	at org.apache.cxf.interceptor.MessageSenderInterceptor$MessageSenderEndingInterceptor.handleMessage(MessageSenderInterceptor.java:64)
	at org.apache.cxf.phase.PhaseInterceptorChain.doIntercept(PhaseInterceptorChain.java:308)
	at org.apache.cxf.endpoint.ClientImpl.doInvoke(ClientImpl.java:514)
	at org.apache.cxf.endpoint.ClientImpl.invoke(ClientImpl.java:423)
	at org.apache.cxf.endpoint.ClientImpl.invoke(ClientImpl.java:324)
	at org.apache.cxf.endpoint.ClientImpl.invoke(ClientImpl.java:277)
	at org.apache.cxf.frontend.ClientProxy.invokeSync(ClientProxy.java:96)
	at org.apache.cxf.jaxws.JaxWsClientProxy.invoke(JaxWsClientProxy.java:139)
	at com.sun.proxy.$Proxy90.deleteProductById(Unknown Source)
	at com.smile.and.pay.ebb.soap.SoapControllerTest.test_delete_product(SoapControllerTest.java:73)
	at sun.reflect.NativeMethodAccessorImpl.invoke0(Native Method)
	at sun.reflect.NativeMethodAccessorImpl.invoke(NativeMethodAccessorImpl.java:62)
	at sun.reflect.DelegatingMethodAccessorImpl.invoke(DelegatingMethodAccessorImpl.java:43)
	at java.lang.reflect.Method.invoke(Method.java:498)
	at org.junit.platform.commons.util.ReflectionUtils.invokeMethod(ReflectionUtils.java:725)
	at org.junit.jupiter.engine.execution.MethodInvocation.proceed(MethodInvocation.java:60)
	at org.junit.jupiter.engine.execution.InvocationInterceptorChain$ValidatingInvocation.proceed(InvocationInterceptorChain.java:131)
	at org.junit.jupiter.engine.extension.TimeoutExtension.intercept(TimeoutExtension.java:149)
	at org.junit.jupiter.engine.extension.TimeoutExtension.interceptTestableMethod(TimeoutExtension.java:140)
	at org.junit.jupiter.engine.extension.TimeoutExtension.interceptTestMethod(TimeoutExtension.java:84)
	at org.junit.jupiter.engine.execution.ExecutableInvoker$ReflectiveInterceptorCall.lambda$ofVoidMethod$0(ExecutableInvoker.java:115)
	at org.junit.jupiter.engine.execution.ExecutableInvoker.lambda$invoke$0(ExecutableInvoker.java:105)
	at org.junit.jupiter.engine.execution.InvocationInterceptorChain$InterceptedInvocation.proceed(InvocationInterceptorChain.java:106)
	at org.junit.jupiter.engine.execution.InvocationInterceptorChain.proceed(InvocationInterceptorChain.java:64)
	at org.junit.jupiter.engine.execution.InvocationInterceptorChain.chainAndInvoke(InvocationInterceptorChain.java:45)
	at org.junit.jupiter.engine.execution.InvocationInterceptorChain.invoke(InvocationInterceptorChain.java:37)
	at org.junit.jupiter.engine.execution.ExecutableInvoker.invoke(ExecutableInvoker.java:104)
	at org.junit.jupiter.engine.execution.ExecutableInvoker.invoke(ExecutableInvoker.java:98)
	at org.junit.jupiter.engine.descriptor.TestMethodTestDescriptor.lambda$invokeTestMethod$7(TestMethodTestDescriptor.java:214)
	at org.junit.platform.engine.support.hierarchical.ThrowableCollector.execute(ThrowableCollector.java:73)
	at org.junit.jupiter.engine.descriptor.TestMethodTestDescriptor.invokeTestMethod(TestMethodTestDescriptor.java:210)
	at org.junit.jupiter.engine.descriptor.TestMethodTestDescriptor.execute(TestMethodTestDescriptor.java:135)
	at org.junit.jupiter.engine.descriptor.TestMethodTestDescriptor.execute(TestMethodTestDescriptor.java:66)
	at org.junit.platform.engine.support.hierarchical.NodeTestTask.lambda$executeRecursively$6(NodeTestTask.java:151)
	at org.junit.platform.engine.support.hierarchical.ThrowableCollector.execute(ThrowableCollector.java:73)
	at org.junit.platform.engine.support.hierarchical.NodeTestTask.lambda$executeRecursively$8(NodeTestTask.java:141)
	at org.junit.platform.engine.support.hierarchical.Node.around(Node.java:137)
	at org.junit.platform.engine.support.hierarchical.NodeTestTask.lambda$executeRecursively$9(NodeTestTask.java:139)
	at org.junit.platform.engine.support.hierarchical.ThrowableCollector.execute(ThrowableCollector.java:73)
	at org.junit.platform.engine.support.hierarchical.NodeTestTask.executeRecursively(NodeTestTask.java:138)
	at org.junit.platform.engine.support.hierarchical.NodeTestTask.execute(NodeTestTask.java:95)
	at java.util.ArrayList.forEach(ArrayList.java:1259)
	at org.junit.platform.engine.support.hierarchical.SameThreadHierarchicalTestExecutorService.invokeAll(SameThreadHierarchicalTestExecutorService.java:41)
	at org.junit.platform.engine.support.hierarchical.NodeTestTask.lambda$executeRecursively$6(NodeTestTask.java:155)
	at org.junit.platform.engine.support.hierarchical.ThrowableCollector.execute(ThrowableCollector.java:73)
	at org.junit.platform.engine.support.hierarchical.NodeTestTask.lambda$executeRecursively$8(NodeTestTask.java:141)
	at org.junit.platform.engine.support.hierarchical.Node.around(Node.java:137)
	at org.junit.platform.engine.support.hierarchical.NodeTestTask.lambda$executeRecursively$9(NodeTestTask.java:139)
	at org.junit.platform.engine.support.hierarchical.ThrowableCollector.execute(ThrowableCollector.java:73)
	at org.junit.platform.engine.support.hierarchical.NodeTestTask.executeRecursively(NodeTestTask.java:138)
	at org.junit.platform.engine.support.hierarchical.NodeTestTask.execute(NodeTestTask.java:95)
	at java.util.ArrayList.forEach(ArrayList.java:1259)
	at org.junit.platform.engine.support.hierarchical.SameThreadHierarchicalTestExecutorService.invokeAll(SameThreadHierarchicalTestExecutorService.java:41)
	at org.junit.platform.engine.support.hierarchical.NodeTestTask.lambda$executeRecursively$6(NodeTestTask.java:155)
	at org.junit.platform.engine.support.hierarchical.ThrowableCollector.execute(ThrowableCollector.java:73)
	at org.junit.platform.engine.support.hierarchical.NodeTestTask.lambda$executeRecursively$8(NodeTestTask.java:141)
	at org.junit.platform.engine.support.hierarchical.Node.around(Node.java:137)
	at org.junit.platform.engine.support.hierarchical.NodeTestTask.lambda$executeRecursively$9(NodeTestTask.java:139)
	at org.junit.platform.engine.support.hierarchical.ThrowableCollector.execute(ThrowableCollector.java:73)
	at org.junit.platform.engine.support.hierarchical.NodeTestTask.executeRecursively(NodeTestTask.java:138)
	at org.junit.platform.engine.support.hierarchical.NodeTestTask.execute(NodeTestTask.java:95)
	at org.junit.platform.engine.support.hierarchical.SameThreadHierarchicalTestExecutorService.submit(SameThreadHierarchicalTestExecutorService.java:35)
	at org.junit.platform.engine.support.hierarchical.HierarchicalTestExecutor.execute(HierarchicalTestExecutor.java:57)
	at org.junit.platform.engine.support.hierarchical.HierarchicalTestEngine.execute(HierarchicalTestEngine.java:54)
	at org.junit.platform.launcher.core.DefaultLauncher.execute(DefaultLauncher.java:220)
	at org.junit.platform.launcher.core.DefaultLauncher.lambda$execute$6(DefaultLauncher.java:188)
	at org.junit.platform.launcher.core.DefaultLauncher.withInterceptedStreams(DefaultLauncher.java:202)
	at org.junit.platform.launcher.core.DefaultLauncher.execute(DefaultLauncher.java:181)
	at org.junit.platform.launcher.core.DefaultLauncher.execute(DefaultLauncher.java:128)
	at org.apache.maven.surefire.junitplatform.JUnitPlatformProvider.invokeAllTests(JUnitPlatformProvider.java:150)
	at org.apache.maven.surefire.junitplatform.JUnitPlatformProvider.invoke(JUnitPlatformProvider.java:124)
	at org.apache.maven.surefire.booter.ForkedBooter.invokeProviderInSameClassLoader(ForkedBooter.java:384)
	at org.apache.maven.surefire.booter.ForkedBooter.runSuitesInProcess(ForkedBooter.java:345)
	at org.apache.maven.surefire.booter.ForkedBooter.execute(ForkedBooter.java:126)
	at org.apache.maven.surefire.booter.ForkedBooter.main(ForkedBooter.java:418)
Caused by: java.net.ConnectException: ConnectException invoking http://localhost:8080/soap-api/SmileAndPayService_1.0?wsdl: Connection refused: connect
	at sun.reflect.NativeConstructorAccessorImpl.newInstance0(Native Method)
	at sun.reflect.NativeConstructorAccessorImpl.newInstance(NativeConstructorAccessorImpl.java:62)
	at sun.reflect.DelegatingConstructorAccessorImpl.newInstance(DelegatingConstructorAccessorImpl.java:45)
	at java.lang.reflect.Constructor.newInstance(Constructor.java:423)
	at org.apache.cxf.transport.http.HTTPConduit$WrappedOutputStream.mapException(HTTPConduit.java:1377)
	at org.apache.cxf.transport.http.HTTPConduit$WrappedOutputStream.close(HTTPConduit.java:1361)
	at org.apache.cxf.io.CacheAndWriteOutputStream.postClose(CacheAndWriteOutputStream.java:56)
	at org.apache.cxf.io.CachedOutputStream.close(CachedOutputStream.java:216)
	at org.apache.cxf.transport.AbstractConduit.close(AbstractConduit.java:56)
	at org.apache.cxf.transport.http.HTTPConduit.close(HTTPConduit.java:651)
	at org.apache.cxf.interceptor.MessageSenderInterceptor$MessageSenderEndingInterceptor.handleMessage(MessageSenderInterceptor.java:62)
	... 74 common frames omitted
Caused by: java.net.ConnectException: Connection refused: connect
	at java.net.DualStackPlainSocketImpl.waitForConnect(Native Method)
	at java.net.DualStackPlainSocketImpl.socketConnect(DualStackPlainSocketImpl.java:85)
	at java.net.AbstractPlainSocketImpl.doConnect(AbstractPlainSocketImpl.java:350)
	at java.net.AbstractPlainSocketImpl.connectToAddress(AbstractPlainSocketImpl.java:206)
	at java.net.AbstractPlainSocketImpl.connect(AbstractPlainSocketImpl.java:188)
	at java.net.PlainSocketImpl.connect(PlainSocketImpl.java:172)
	at java.net.SocksSocketImpl.connect(SocksSocketImpl.java:392)
	at java.net.Socket.connect(Socket.java:607)
	at sun.net.NetworkClient.doConnect(NetworkClient.java:175)
	at sun.net.www.http.HttpClient.openServer(HttpClient.java:463)
	at sun.net.www.http.HttpClient.openServer(HttpClient.java:558)
	at sun.net.www.http.HttpClient.<init>(HttpClient.java:242)
	at sun.net.www.http.HttpClient.New(HttpClient.java:339)
	at sun.net.www.http.HttpClient.New(HttpClient.java:357)
	at sun.net.www.protocol.http.HttpURLConnection.getNewHttpClient(HttpURLConnection.java:1226)
	at sun.net.www.protocol.http.HttpURLConnection.plainConnect0(HttpURLConnection.java:1205)
	at sun.net.www.protocol.http.HttpURLConnection.plainConnect(HttpURLConnection.java:1056)
	at sun.net.www.protocol.http.HttpURLConnection.connect(HttpURLConnection.java:990)
	at sun.net.www.protocol.http.HttpURLConnection.getOutputStream0(HttpURLConnection.java:1340)
	at sun.net.www.protocol.http.HttpURLConnection.getOutputStream(HttpURLConnection.java:1315)
	at org.apache.cxf.transport.http.URLConnectionHTTPConduit$URLConnectionWrappedOutputStream.setupWrappedStream(URLConnectionHTTPConduit.java:236)
	at org.apache.cxf.transport.http.HTTPConduit$WrappedOutputStream.handleHeadersTrustCaching(HTTPConduit.java:1320)
	at org.apache.cxf.transport.http.HTTPConduit$WrappedOutputStream.onFirstWrite(HTTPConduit.java:1280)
	at org.apache.cxf.transport.http.URLConnectionHTTPConduit$URLConnectionWrappedOutputStream.onFirstWrite(URLConnectionHTTPConduit.java:267)
	at org.apache.cxf.io.AbstractWrappedOutputStream.write(AbstractWrappedOutputStream.java:47)
	at org.apache.cxf.io.AbstractThresholdOutputStream.write(AbstractThresholdOutputStream.java:69)
	at org.apache.cxf.transport.http.HTTPConduit$WrappedOutputStream.close(HTTPConduit.java:1333)
	... 79 common frames omitted
]]></system-out>
  </testcase>
  <testcase name="test_add_product" classname="com.smile.and.pay.ebb.soap.SoapControllerTest" time="2.132">
    <error message="Could not send Message." type="javax.xml.ws.WebServiceException">javax.xml.ws.WebServiceException: Could not send Message.
	at com.smile.and.pay.ebb.soap.SoapControllerTest.test_add_product(SoapControllerTest.java:45)
Caused by: java.net.ConnectException: ConnectException invoking http://localhost:8080/soap-api/SmileAndPayService_1.0?wsdl: Connection refused: connect
	at com.smile.and.pay.ebb.soap.SoapControllerTest.test_add_product(SoapControllerTest.java:45)
Caused by: java.net.ConnectException: Connection refused: connect
	at com.smile.and.pay.ebb.soap.SoapControllerTest.test_add_product(SoapControllerTest.java:45)
</error>
    <system-out><![CDATA[11:19:47.347 [main] INFO org.apache.cxf.wsdl.service.factory.ReflectionServiceFactoryBean - Creating Service {http://soap.ebb.pay.and.smile.com/}SmileAndPayServiceService from class com.smile.and.pay.ebb.soap.SmileAndPayService
11:19:47.391 [main] DEBUG org.apache.cxf.jaxb.JAXBDataBinding - Created JAXBContext "jar:file:/C:/Users/u177229/.m2/repository/org/glassfish/jaxb/jaxb-runtime/2.3.6/jaxb-runtime-2.3.6.jar!/com/sun/xml/bind/v2/runtime/JAXBContextImpl.class Build-Id: 2.3.6
Classes known to this context:
  [B
  boolean
  byte
  char
  com.smile.and.pay.ebb.models.Address
  com.smile.and.pay.ebb.models.Marchand
  com.smile.and.pay.ebb.models.Product
  com.smile.and.pay.ebb.models.SmileAndPayResponse
  com.smile.and.pay.ebb.soap.jaxws_asm.AddMarchand
  com.smile.and.pay.ebb.soap.jaxws_asm.AddMarchandResponse
  com.smile.and.pay.ebb.soap.jaxws_asm.AddProduct
  com.smile.and.pay.ebb.soap.jaxws_asm.AddProductResponse
  com.smile.and.pay.ebb.soap.jaxws_asm.Associate
  com.smile.and.pay.ebb.soap.jaxws_asm.AssociateResponse
  com.smile.and.pay.ebb.soap.jaxws_asm.DeleteMarchandById
  com.smile.and.pay.ebb.soap.jaxws_asm.DeleteMarchandByIdResponse
  com.smile.and.pay.ebb.soap.jaxws_asm.DeleteProductById
  com.smile.and.pay.ebb.soap.jaxws_asm.DeleteProductByIdResponse
  com.sun.xml.bind.api.CompositeStructure
  double
  float
  int
  java.awt.Image
  java.io.File
  java.lang.Boolean
  java.lang.Byte
  java.lang.Character
  java.lang.Class
  java.lang.Double
  java.lang.Float
  java.lang.Integer
  java.lang.Long
  java.lang.Object
  java.lang.Short
  java.lang.String
  java.lang.Void
  java.math.BigDecimal
  java.math.BigInteger
  java.net.URI
  java.net.URL
  java.util.Calendar
  java.util.Date
  java.util.GregorianCalendar
  java.util.UUID
  javax.activation.DataHandler
  javax.xml.bind.JAXBElement
  javax.xml.datatype.Duration
  javax.xml.datatype.XMLGregorianCalendar
  javax.xml.namespace.QName
  javax.xml.transform.Source
  long
  org.apache.cxf.wsdl.http.AddressType
  org.apache.cxf.wsdl.http.BindingType
  org.apache.cxf.wsdl.http.OperationType
  org.apache.cxf.wsdl.http.UrlEncoded
  org.apache.cxf.wsdl.http.UrlReplacement
  short
  void
" with classes [class com.smile.and.pay.ebb.soap.jaxws_asm.Associate, class com.smile.and.pay.ebb.soap.jaxws_asm.AssociateResponse, class com.smile.and.pay.ebb.models.SmileAndPayResponse, class com.smile.and.pay.ebb.soap.jaxws_asm.AddProduct, class com.smile.and.pay.ebb.models.Product, class com.smile.and.pay.ebb.models.Marchand, class com.smile.and.pay.ebb.models.Address, class com.smile.and.pay.ebb.soap.jaxws_asm.AddProductResponse, class com.smile.and.pay.ebb.soap.jaxws_asm.AddMarchand, class com.smile.and.pay.ebb.soap.jaxws_asm.AddMarchandResponse, class com.smile.and.pay.ebb.soap.jaxws_asm.DeleteMarchandById, class com.smile.and.pay.ebb.soap.jaxws_asm.DeleteMarchandByIdResponse, class com.smile.and.pay.ebb.soap.jaxws_asm.DeleteProductById, class com.smile.and.pay.ebb.soap.jaxws_asm.DeleteProductByIdResponse, class org.apache.cxf.wsdl.http.ObjectFactory].
11:19:47.402 [main] DEBUG org.apache.cxf.jaxws.handler.AnnotationHandlerChainBuilder - building handler chain
11:19:47.402 [main] DEBUG org.apache.cxf.jaxws.handler.AnnotationHandlerChainBuilder - Checking for HandlerChain annotation on com.smile.and.pay.ebb.soap.SmileAndPayService
11:19:47.402 [main] DEBUG org.apache.cxf.jaxws.handler.AnnotationHandlerChainBuilder - no HandlerChain annotation on interface com.smile.and.pay.ebb.soap.SmileAndPayService
11:19:47.404 [main] DEBUG org.apache.cxf.endpoint.ClientImpl - Invoke, operation info: [BindingOperationInfo: {http://soap.ebb.pay.and.smile.com/}addProduct], params: [com.smile.and.pay.ebb.models.Product@ab9998]
11:19:47.404 [main] DEBUG org.apache.cxf.endpoint.ClientImpl - set requestContext to message be{org.apache.cxf.jaxws.context.WrappedMessageContext.SCOPES={org.apache.cxf.message.Message.ENDPOINT_ADDRESS=APPLICATION}, org.apache.cxf.message.Message.ENDPOINT_ADDRESS=http://localhost:8080/soap-api/SmileAndPayService_1.0?wsdl, java.lang.reflect.Method=public abstract com.smile.and.pay.ebb.models.SmileAndPayResponse com.smile.and.pay.ebb.soap.SmileAndPayService.addProduct(com.smile.and.pay.ebb.models.Product)}
11:19:47.404 [main] DEBUG org.apache.cxf.endpoint.ClientImpl - Interceptors contributed by bus: [org.apache.cxf.ws.policy.PolicyOutInterceptor@9c877b]
11:19:47.404 [main] DEBUG org.apache.cxf.endpoint.ClientImpl - Interceptors contributed by client: [org.apache.cxf.interceptor.LoggingOutInterceptor@17a7219]
11:19:47.405 [main] DEBUG org.apache.cxf.endpoint.ClientImpl - Interceptors contributed by endpoint: [org.apache.cxf.interceptor.MessageSenderInterceptor@9513d8, org.apache.cxf.jaxws.interceptors.SwAOutInterceptor@1d593e, org.apache.cxf.jaxws.interceptors.WrapperClassOutInterceptor@8a60bc, org.apache.cxf.jaxws.interceptors.HolderOutInterceptor@1c294e]
11:19:47.405 [main] DEBUG org.apache.cxf.endpoint.ClientImpl - Interceptors contributed by binding: [org.apache.cxf.interceptor.AttachmentOutInterceptor@59e786, org.apache.cxf.interceptor.StaxOutInterceptor@5d851a, org.apache.cxf.binding.soap.interceptor.SoapHeaderOutFilterInterceptor@bfd80d, org.apache.cxf.wsdl.interceptors.WrappedOutInterceptor@14b8f2d, org.apache.cxf.wsdl.interceptors.BareOutInterceptor@4a9613, org.apache.cxf.binding.soap.interceptor.SoapPreProtocolOutInterceptor@118388b, org.apache.cxf.binding.soap.interceptor.SoapOutInterceptor@1a902e7]
11:19:47.405 [main] DEBUG org.apache.cxf.endpoint.ClientImpl - Interceptors contributed by databinding: []
11:19:47.405 [main] DEBUG org.apache.cxf.phase.PhaseInterceptorChain - Adding interceptor org.apache.cxf.ws.policy.PolicyOutInterceptor@9c877b to phase setup
11:19:47.406 [main] DEBUG org.apache.cxf.phase.PhaseInterceptorChain - Adding interceptor org.apache.cxf.interceptor.LoggingOutInterceptor@17a7219 to phase pre-stream
11:19:47.406 [main] DEBUG org.apache.cxf.phase.PhaseInterceptorChain - Adding interceptor org.apache.cxf.interceptor.MessageSenderInterceptor@9513d8 to phase prepare-send
11:19:47.406 [main] DEBUG org.apache.cxf.phase.PhaseInterceptorChain - Adding interceptor org.apache.cxf.jaxws.interceptors.SwAOutInterceptor@1d593e to phase pre-logical
11:19:47.406 [main] DEBUG org.apache.cxf.phase.PhaseInterceptorChain - Adding interceptor org.apache.cxf.jaxws.interceptors.WrapperClassOutInterceptor@8a60bc to phase pre-logical
11:19:47.406 [main] DEBUG org.apache.cxf.phase.PhaseInterceptorChain - Adding interceptor org.apache.cxf.jaxws.interceptors.HolderOutInterceptor@1c294e to phase pre-logical
11:19:47.406 [main] DEBUG org.apache.cxf.phase.PhaseInterceptorChain - Adding interceptor org.apache.cxf.interceptor.AttachmentOutInterceptor@59e786 to phase pre-stream
11:19:47.406 [main] DEBUG org.apache.cxf.phase.PhaseInterceptorChain - Adding interceptor org.apache.cxf.interceptor.StaxOutInterceptor@5d851a to phase pre-stream
11:19:47.406 [main] DEBUG org.apache.cxf.phase.PhaseInterceptorChain - Adding interceptor org.apache.cxf.binding.soap.interceptor.SoapHeaderOutFilterInterceptor@bfd80d to phase pre-logical
11:19:47.407 [main] DEBUG org.apache.cxf.phase.PhaseInterceptorChain - Adding interceptor org.apache.cxf.wsdl.interceptors.WrappedOutInterceptor@14b8f2d to phase marshal
11:19:47.407 [main] DEBUG org.apache.cxf.phase.PhaseInterceptorChain - Adding interceptor org.apache.cxf.wsdl.interceptors.BareOutInterceptor@4a9613 to phase marshal
11:19:47.407 [main] DEBUG org.apache.cxf.phase.PhaseInterceptorChain - Adding interceptor org.apache.cxf.binding.soap.interceptor.SoapPreProtocolOutInterceptor@118388b to phase post-logical
11:19:47.407 [main] DEBUG org.apache.cxf.phase.PhaseInterceptorChain - Adding interceptor org.apache.cxf.binding.soap.interceptor.SoapOutInterceptor@1a902e7 to phase write
11:19:47.407 [main] DEBUG org.apache.cxf.transport.http.HTTPConduit - Conduit '{http://soap.ebb.pay.and.smile.com/}SmileAndPayServicePort.http-conduit' has been (re)configured for plain http.
11:19:47.408 [main] DEBUG org.apache.cxf.transport.http.HTTPConduit - No Trust Decider configured for Conduit '{http://soap.ebb.pay.and.smile.com/}SmileAndPayServicePort.http-conduit'
11:19:47.408 [main] DEBUG org.apache.cxf.transport.http.HTTPConduit - No Auth Supplier configured for Conduit '{http://soap.ebb.pay.and.smile.com/}SmileAndPayServicePort.http-conduit'
11:19:47.408 [main] DEBUG org.apache.cxf.transport.http.HTTPConduit - Conduit '{http://soap.ebb.pay.and.smile.com/}SmileAndPayServicePort.http-conduit' has been configured for plain http.
11:19:47.408 [main] DEBUG org.apache.cxf.transport.http.HTTPConduit - registering incoming observer: org.apache.cxf.endpoint.ClientImpl@76d598
11:19:47.409 [main] DEBUG org.apache.cxf.phase.PhaseInterceptorChain - Chain org.apache.cxf.phase.PhaseInterceptorChain@3e3e8b was created. Current flow:
  setup [PolicyOutInterceptor]
  pre-logical [HolderOutInterceptor, SwAOutInterceptor, WrapperClassOutInterceptor, SoapHeaderOutFilterInterceptor]
  post-logical [SoapPreProtocolOutInterceptor]
  prepare-send [MessageSenderInterceptor]
  pre-stream [LoggingOutInterceptor, AttachmentOutInterceptor, StaxOutInterceptor]
  write [SoapOutInterceptor]
  marshal [WrappedOutInterceptor, BareOutInterceptor]

11:19:47.409 [main] DEBUG org.apache.cxf.phase.PhaseInterceptorChain - Invoking handleMessage on interceptor org.apache.cxf.ws.policy.PolicyOutInterceptor@9c877b
11:19:47.409 [main] DEBUG org.apache.cxf.phase.PhaseInterceptorChain - Invoking handleMessage on interceptor org.apache.cxf.jaxws.interceptors.HolderOutInterceptor@1c294e
11:19:47.409 [main] DEBUG org.apache.cxf.jaxws.interceptors.HolderOutInterceptor - op: [OperationInfo: {http://soap.ebb.pay.and.smile.com/}addProduct]
11:19:47.409 [main] DEBUG org.apache.cxf.jaxws.interceptors.HolderOutInterceptor - op.hasOutput(): true
11:19:47.409 [main] DEBUG org.apache.cxf.jaxws.interceptors.HolderOutInterceptor - op.getOutput().size(): 1
11:19:47.409 [main] DEBUG org.apache.cxf.phase.PhaseInterceptorChain - Invoking handleMessage on interceptor org.apache.cxf.jaxws.interceptors.SwAOutInterceptor@1d593e
11:19:47.410 [main] DEBUG org.apache.cxf.phase.PhaseInterceptorChain - Invoking handleMessage on interceptor org.apache.cxf.jaxws.interceptors.WrapperClassOutInterceptor@8a60bc
11:19:47.416 [main] DEBUG org.apache.cxf.phase.PhaseInterceptorChain - Invoking handleMessage on interceptor org.apache.cxf.binding.soap.interceptor.SoapHeaderOutFilterInterceptor@bfd80d
11:19:47.416 [main] DEBUG org.apache.cxf.phase.PhaseInterceptorChain - Invoking handleMessage on interceptor org.apache.cxf.binding.soap.interceptor.SoapPreProtocolOutInterceptor@118388b
11:19:47.416 [main] DEBUG org.apache.cxf.phase.PhaseInterceptorChain - Invoking handleMessage on interceptor org.apache.cxf.interceptor.MessageSenderInterceptor@9513d8
11:19:47.417 [main] DEBUG org.apache.cxf.phase.PhaseInterceptorChain - Adding interceptor org.apache.cxf.interceptor.MessageSenderInterceptor$MessageSenderEndingInterceptor@185cbcb to phase prepare-send-ending
11:19:47.417 [main] DEBUG org.apache.cxf.phase.PhaseInterceptorChain - Chain org.apache.cxf.phase.PhaseInterceptorChain@3e3e8b was modified. Current flow:
  setup [PolicyOutInterceptor]
  pre-logical [HolderOutInterceptor, SwAOutInterceptor, WrapperClassOutInterceptor, SoapHeaderOutFilterInterceptor]
  post-logical [SoapPreProtocolOutInterceptor]
  prepare-send [MessageSenderInterceptor]
  pre-stream [LoggingOutInterceptor, AttachmentOutInterceptor, StaxOutInterceptor]
  write [SoapOutInterceptor]
  marshal [WrappedOutInterceptor, BareOutInterceptor]
  prepare-send-ending [MessageSenderEndingInterceptor]

11:19:47.417 [main] DEBUG org.apache.cxf.phase.PhaseInterceptorChain - Invoking handleMessage on interceptor org.apache.cxf.interceptor.LoggingOutInterceptor@17a7219
11:19:47.417 [main] DEBUG org.apache.cxf.phase.PhaseInterceptorChain - Invoking handleMessage on interceptor org.apache.cxf.interceptor.AttachmentOutInterceptor@59e786
11:19:47.418 [main] DEBUG org.apache.cxf.phase.PhaseInterceptorChain - Invoking handleMessage on interceptor org.apache.cxf.interceptor.StaxOutInterceptor@5d851a
11:19:47.418 [main] DEBUG org.apache.cxf.phase.PhaseInterceptorChain - Adding interceptor org.apache.cxf.interceptor.StaxOutEndingInterceptor@9f80d3 to phase pre-stream-ending
11:19:47.418 [main] DEBUG org.apache.cxf.phase.PhaseInterceptorChain - Chain org.apache.cxf.phase.PhaseInterceptorChain@3e3e8b was modified. Current flow:
  setup [PolicyOutInterceptor]
  pre-logical [HolderOutInterceptor, SwAOutInterceptor, WrapperClassOutInterceptor, SoapHeaderOutFilterInterceptor]
  post-logical [SoapPreProtocolOutInterceptor]
  prepare-send [MessageSenderInterceptor]
  pre-stream [LoggingOutInterceptor, AttachmentOutInterceptor, StaxOutInterceptor]
  write [SoapOutInterceptor]
  marshal [WrappedOutInterceptor, BareOutInterceptor]
  pre-stream-ending [StaxOutEndingInterceptor]
  prepare-send-ending [MessageSenderEndingInterceptor]

11:19:47.419 [main] DEBUG org.apache.cxf.phase.PhaseInterceptorChain - Invoking handleMessage on interceptor org.apache.cxf.binding.soap.interceptor.SoapOutInterceptor@1a902e7
11:19:47.419 [main] DEBUG org.apache.cxf.phase.PhaseInterceptorChain - Adding interceptor org.apache.cxf.binding.soap.interceptor.SoapOutInterceptor$SoapOutEndingInterceptor@f46e16 to phase write-ending
11:19:47.419 [main] DEBUG org.apache.cxf.phase.PhaseInterceptorChain - Chain org.apache.cxf.phase.PhaseInterceptorChain@3e3e8b was modified. Current flow:
  setup [PolicyOutInterceptor]
  pre-logical [HolderOutInterceptor, SwAOutInterceptor, WrapperClassOutInterceptor, SoapHeaderOutFilterInterceptor]
  post-logical [SoapPreProtocolOutInterceptor]
  prepare-send [MessageSenderInterceptor]
  pre-stream [LoggingOutInterceptor, AttachmentOutInterceptor, StaxOutInterceptor]
  write [SoapOutInterceptor]
  marshal [WrappedOutInterceptor, BareOutInterceptor]
  write-ending [SoapOutEndingInterceptor]
  pre-stream-ending [StaxOutEndingInterceptor]
  prepare-send-ending [MessageSenderEndingInterceptor]

11:19:47.419 [main] DEBUG org.apache.cxf.phase.PhaseInterceptorChain - Invoking handleMessage on interceptor org.apache.cxf.wsdl.interceptors.WrappedOutInterceptor@14b8f2d
11:19:47.419 [main] DEBUG org.apache.cxf.phase.PhaseInterceptorChain - Invoking handleMessage on interceptor org.apache.cxf.wsdl.interceptors.BareOutInterceptor@4a9613
11:19:47.424 [main] DEBUG org.apache.cxf.phase.PhaseInterceptorChain - Invoking handleMessage on interceptor org.apache.cxf.binding.soap.interceptor.SoapOutInterceptor$SoapOutEndingInterceptor@f46e16
11:19:47.424 [main] DEBUG org.apache.cxf.phase.PhaseInterceptorChain - Invoking handleMessage on interceptor org.apache.cxf.interceptor.StaxOutEndingInterceptor@9f80d3
11:19:47.424 [main] DEBUG org.apache.cxf.phase.PhaseInterceptorChain - Invoking handleMessage on interceptor org.apache.cxf.interceptor.MessageSenderInterceptor$MessageSenderEndingInterceptor@185cbcb
11:19:47.424 [main] INFO org.apache.cxf.services.SmileAndPayServiceService.SmileAndPayServicePort.SmileAndPayService - Outbound Message
---------------------------
ID: 2
Address: http://localhost:8080/soap-api/SmileAndPayService_1.0?wsdl
Encoding: UTF-8
Http-Method: POST
Content-Type: text/xml
Headers: {Accept=[*/*], SOAPAction=[""]}
Payload: <soap:Envelope xmlns:soap="http://schemas.xmlsoap.org/soap/envelope/"><soap:Body><ns2:addProduct xmlns:ns2="http://soap.ebb.pay.and.smile.com/" xmlns:ns3="http://schemas.xmlsoap.org/wsdl/http/"><product><create_date>2022-09-05T11:19:47.403+02:00</create_date><currency>EUR</currency><height>45.5</height><label>Computer</label><marchands><birthdate>1976-02-22T11:42:13.783+01:00</birthdate><create_date>2022-09-05T11:19:47.403+02:00</create_date><lastname>Moretti</lastname><name>Dupont</name></marchands><unit_price>700.13</unit_price><weight>1200.35</weight></product></ns2:addProduct></soap:Body></soap:Envelope>
--------------------------------------
11:19:47.424 [main] DEBUG org.apache.cxf.transport.http.Headers - Accept: */*
11:19:47.424 [main] DEBUG org.apache.cxf.transport.http.Headers - SOAPAction: ""
11:19:47.424 [main] DEBUG org.apache.cxf.transport.http.HTTPConduit - No Trust Decider for Conduit '{http://soap.ebb.pay.and.smile.com/}SmileAndPayServicePort.http-conduit'. An afirmative Trust Decision is assumed.
11:19:49.473 [main] DEBUG org.apache.cxf.phase.PhaseInterceptorChain - Invoking handleFault on interceptor org.apache.cxf.interceptor.MessageSenderInterceptor$MessageSenderEndingInterceptor@185cbcb
11:19:49.473 [main] DEBUG org.apache.cxf.phase.PhaseInterceptorChain - Invoking handleFault on interceptor org.apache.cxf.interceptor.StaxOutEndingInterceptor@9f80d3
11:19:49.473 [main] DEBUG org.apache.cxf.phase.PhaseInterceptorChain - Invoking handleFault on interceptor org.apache.cxf.binding.soap.interceptor.SoapOutInterceptor$SoapOutEndingInterceptor@f46e16
11:19:49.473 [main] DEBUG org.apache.cxf.phase.PhaseInterceptorChain - Invoking handleFault on interceptor org.apache.cxf.wsdl.interceptors.BareOutInterceptor@4a9613
11:19:49.473 [main] DEBUG org.apache.cxf.phase.PhaseInterceptorChain - Invoking handleFault on interceptor org.apache.cxf.wsdl.interceptors.WrappedOutInterceptor@14b8f2d
11:19:49.473 [main] DEBUG org.apache.cxf.phase.PhaseInterceptorChain - Invoking handleFault on interceptor org.apache.cxf.binding.soap.interceptor.SoapOutInterceptor@1a902e7
11:19:49.473 [main] DEBUG org.apache.cxf.phase.PhaseInterceptorChain - Invoking handleFault on interceptor org.apache.cxf.interceptor.StaxOutInterceptor@5d851a
11:19:49.473 [main] DEBUG org.apache.cxf.phase.PhaseInterceptorChain - Invoking handleFault on interceptor org.apache.cxf.interceptor.AttachmentOutInterceptor@59e786
11:19:49.473 [main] DEBUG org.apache.cxf.phase.PhaseInterceptorChain - Invoking handleFault on interceptor org.apache.cxf.interceptor.LoggingOutInterceptor@17a7219
11:19:49.473 [main] DEBUG org.apache.cxf.phase.PhaseInterceptorChain - Invoking handleFault on interceptor org.apache.cxf.interceptor.MessageSenderInterceptor@9513d8
11:19:49.473 [main] DEBUG org.apache.cxf.phase.PhaseInterceptorChain - Invoking handleFault on interceptor org.apache.cxf.binding.soap.interceptor.SoapPreProtocolOutInterceptor@118388b
11:19:49.473 [main] DEBUG org.apache.cxf.phase.PhaseInterceptorChain - Invoking handleFault on interceptor org.apache.cxf.binding.soap.interceptor.SoapHeaderOutFilterInterceptor@bfd80d
11:19:49.474 [main] DEBUG org.apache.cxf.phase.PhaseInterceptorChain - Invoking handleFault on interceptor org.apache.cxf.jaxws.interceptors.WrapperClassOutInterceptor@8a60bc
11:19:49.474 [main] DEBUG org.apache.cxf.phase.PhaseInterceptorChain - Invoking handleFault on interceptor org.apache.cxf.jaxws.interceptors.SwAOutInterceptor@1d593e
11:19:49.474 [main] DEBUG org.apache.cxf.phase.PhaseInterceptorChain - Invoking handleFault on interceptor org.apache.cxf.jaxws.interceptors.HolderOutInterceptor@1c294e
11:19:49.474 [main] DEBUG org.apache.cxf.phase.PhaseInterceptorChain - Invoking handleFault on interceptor org.apache.cxf.ws.policy.PolicyOutInterceptor@9c877b
11:19:49.475 [main] WARN org.apache.cxf.phase.PhaseInterceptorChain - Interceptor for {http://soap.ebb.pay.and.smile.com/}SmileAndPayServiceService#{http://soap.ebb.pay.and.smile.com/}addProduct has thrown exception, unwinding now
org.apache.cxf.interceptor.Fault: Could not send Message.
	at org.apache.cxf.interceptor.MessageSenderInterceptor$MessageSenderEndingInterceptor.handleMessage(MessageSenderInterceptor.java:64)
	at org.apache.cxf.phase.PhaseInterceptorChain.doIntercept(PhaseInterceptorChain.java:308)
	at org.apache.cxf.endpoint.ClientImpl.doInvoke(ClientImpl.java:514)
	at org.apache.cxf.endpoint.ClientImpl.invoke(ClientImpl.java:423)
	at org.apache.cxf.endpoint.ClientImpl.invoke(ClientImpl.java:324)
	at org.apache.cxf.endpoint.ClientImpl.invoke(ClientImpl.java:277)
	at org.apache.cxf.frontend.ClientProxy.invokeSync(ClientProxy.java:96)
	at org.apache.cxf.jaxws.JaxWsClientProxy.invoke(JaxWsClientProxy.java:139)
	at com.sun.proxy.$Proxy90.addProduct(Unknown Source)
	at com.smile.and.pay.ebb.soap.SoapControllerTest.test_add_product(SoapControllerTest.java:45)
	at sun.reflect.NativeMethodAccessorImpl.invoke0(Native Method)
	at sun.reflect.NativeMethodAccessorImpl.invoke(NativeMethodAccessorImpl.java:62)
	at sun.reflect.DelegatingMethodAccessorImpl.invoke(DelegatingMethodAccessorImpl.java:43)
	at java.lang.reflect.Method.invoke(Method.java:498)
	at org.junit.platform.commons.util.ReflectionUtils.invokeMethod(ReflectionUtils.java:725)
	at org.junit.jupiter.engine.execution.MethodInvocation.proceed(MethodInvocation.java:60)
	at org.junit.jupiter.engine.execution.InvocationInterceptorChain$ValidatingInvocation.proceed(InvocationInterceptorChain.java:131)
	at org.junit.jupiter.engine.extension.TimeoutExtension.intercept(TimeoutExtension.java:149)
	at org.junit.jupiter.engine.extension.TimeoutExtension.interceptTestableMethod(TimeoutExtension.java:140)
	at org.junit.jupiter.engine.extension.TimeoutExtension.interceptTestMethod(TimeoutExtension.java:84)
	at org.junit.jupiter.engine.execution.ExecutableInvoker$ReflectiveInterceptorCall.lambda$ofVoidMethod$0(ExecutableInvoker.java:115)
	at org.junit.jupiter.engine.execution.ExecutableInvoker.lambda$invoke$0(ExecutableInvoker.java:105)
	at org.junit.jupiter.engine.execution.InvocationInterceptorChain$InterceptedInvocation.proceed(InvocationInterceptorChain.java:106)
	at org.junit.jupiter.engine.execution.InvocationInterceptorChain.proceed(InvocationInterceptorChain.java:64)
	at org.junit.jupiter.engine.execution.InvocationInterceptorChain.chainAndInvoke(InvocationInterceptorChain.java:45)
	at org.junit.jupiter.engine.execution.InvocationInterceptorChain.invoke(InvocationInterceptorChain.java:37)
	at org.junit.jupiter.engine.execution.ExecutableInvoker.invoke(ExecutableInvoker.java:104)
	at org.junit.jupiter.engine.execution.ExecutableInvoker.invoke(ExecutableInvoker.java:98)
	at org.junit.jupiter.engine.descriptor.TestMethodTestDescriptor.lambda$invokeTestMethod$7(TestMethodTestDescriptor.java:214)
	at org.junit.platform.engine.support.hierarchical.ThrowableCollector.execute(ThrowableCollector.java:73)
	at org.junit.jupiter.engine.descriptor.TestMethodTestDescriptor.invokeTestMethod(TestMethodTestDescriptor.java:210)
	at org.junit.jupiter.engine.descriptor.TestMethodTestDescriptor.execute(TestMethodTestDescriptor.java:135)
	at org.junit.jupiter.engine.descriptor.TestMethodTestDescriptor.execute(TestMethodTestDescriptor.java:66)
	at org.junit.platform.engine.support.hierarchical.NodeTestTask.lambda$executeRecursively$6(NodeTestTask.java:151)
	at org.junit.platform.engine.support.hierarchical.ThrowableCollector.execute(ThrowableCollector.java:73)
	at org.junit.platform.engine.support.hierarchical.NodeTestTask.lambda$executeRecursively$8(NodeTestTask.java:141)
	at org.junit.platform.engine.support.hierarchical.Node.around(Node.java:137)
	at org.junit.platform.engine.support.hierarchical.NodeTestTask.lambda$executeRecursively$9(NodeTestTask.java:139)
	at org.junit.platform.engine.support.hierarchical.ThrowableCollector.execute(ThrowableCollector.java:73)
	at org.junit.platform.engine.support.hierarchical.NodeTestTask.executeRecursively(NodeTestTask.java:138)
	at org.junit.platform.engine.support.hierarchical.NodeTestTask.execute(NodeTestTask.java:95)
	at java.util.ArrayList.forEach(ArrayList.java:1259)
	at org.junit.platform.engine.support.hierarchical.SameThreadHierarchicalTestExecutorService.invokeAll(SameThreadHierarchicalTestExecutorService.java:41)
	at org.junit.platform.engine.support.hierarchical.NodeTestTask.lambda$executeRecursively$6(NodeTestTask.java:155)
	at org.junit.platform.engine.support.hierarchical.ThrowableCollector.execute(ThrowableCollector.java:73)
	at org.junit.platform.engine.support.hierarchical.NodeTestTask.lambda$executeRecursively$8(NodeTestTask.java:141)
	at org.junit.platform.engine.support.hierarchical.Node.around(Node.java:137)
	at org.junit.platform.engine.support.hierarchical.NodeTestTask.lambda$executeRecursively$9(NodeTestTask.java:139)
	at org.junit.platform.engine.support.hierarchical.ThrowableCollector.execute(ThrowableCollector.java:73)
	at org.junit.platform.engine.support.hierarchical.NodeTestTask.executeRecursively(NodeTestTask.java:138)
	at org.junit.platform.engine.support.hierarchical.NodeTestTask.execute(NodeTestTask.java:95)
	at java.util.ArrayList.forEach(ArrayList.java:1259)
	at org.junit.platform.engine.support.hierarchical.SameThreadHierarchicalTestExecutorService.invokeAll(SameThreadHierarchicalTestExecutorService.java:41)
	at org.junit.platform.engine.support.hierarchical.NodeTestTask.lambda$executeRecursively$6(NodeTestTask.java:155)
	at org.junit.platform.engine.support.hierarchical.ThrowableCollector.execute(ThrowableCollector.java:73)
	at org.junit.platform.engine.support.hierarchical.NodeTestTask.lambda$executeRecursively$8(NodeTestTask.java:141)
	at org.junit.platform.engine.support.hierarchical.Node.around(Node.java:137)
	at org.junit.platform.engine.support.hierarchical.NodeTestTask.lambda$executeRecursively$9(NodeTestTask.java:139)
	at org.junit.platform.engine.support.hierarchical.ThrowableCollector.execute(ThrowableCollector.java:73)
	at org.junit.platform.engine.support.hierarchical.NodeTestTask.executeRecursively(NodeTestTask.java:138)
	at org.junit.platform.engine.support.hierarchical.NodeTestTask.execute(NodeTestTask.java:95)
	at org.junit.platform.engine.support.hierarchical.SameThreadHierarchicalTestExecutorService.submit(SameThreadHierarchicalTestExecutorService.java:35)
	at org.junit.platform.engine.support.hierarchical.HierarchicalTestExecutor.execute(HierarchicalTestExecutor.java:57)
	at org.junit.platform.engine.support.hierarchical.HierarchicalTestEngine.execute(HierarchicalTestEngine.java:54)
	at org.junit.platform.launcher.core.DefaultLauncher.execute(DefaultLauncher.java:220)
	at org.junit.platform.launcher.core.DefaultLauncher.lambda$execute$6(DefaultLauncher.java:188)
	at org.junit.platform.launcher.core.DefaultLauncher.withInterceptedStreams(DefaultLauncher.java:202)
	at org.junit.platform.launcher.core.DefaultLauncher.execute(DefaultLauncher.java:181)
	at org.junit.platform.launcher.core.DefaultLauncher.execute(DefaultLauncher.java:128)
	at org.apache.maven.surefire.junitplatform.JUnitPlatformProvider.invokeAllTests(JUnitPlatformProvider.java:150)
	at org.apache.maven.surefire.junitplatform.JUnitPlatformProvider.invoke(JUnitPlatformProvider.java:124)
	at org.apache.maven.surefire.booter.ForkedBooter.invokeProviderInSameClassLoader(ForkedBooter.java:384)
	at org.apache.maven.surefire.booter.ForkedBooter.runSuitesInProcess(ForkedBooter.java:345)
	at org.apache.maven.surefire.booter.ForkedBooter.execute(ForkedBooter.java:126)
	at org.apache.maven.surefire.booter.ForkedBooter.main(ForkedBooter.java:418)
Caused by: java.net.ConnectException: ConnectException invoking http://localhost:8080/soap-api/SmileAndPayService_1.0?wsdl: Connection refused: connect
	at sun.reflect.NativeConstructorAccessorImpl.newInstance0(Native Method)
	at sun.reflect.NativeConstructorAccessorImpl.newInstance(NativeConstructorAccessorImpl.java:62)
	at sun.reflect.DelegatingConstructorAccessorImpl.newInstance(DelegatingConstructorAccessorImpl.java:45)
	at java.lang.reflect.Constructor.newInstance(Constructor.java:423)
	at org.apache.cxf.transport.http.HTTPConduit$WrappedOutputStream.mapException(HTTPConduit.java:1377)
	at org.apache.cxf.transport.http.HTTPConduit$WrappedOutputStream.close(HTTPConduit.java:1361)
	at org.apache.cxf.io.CacheAndWriteOutputStream.postClose(CacheAndWriteOutputStream.java:56)
	at org.apache.cxf.io.CachedOutputStream.close(CachedOutputStream.java:216)
	at org.apache.cxf.transport.AbstractConduit.close(AbstractConduit.java:56)
	at org.apache.cxf.transport.http.HTTPConduit.close(HTTPConduit.java:651)
	at org.apache.cxf.interceptor.MessageSenderInterceptor$MessageSenderEndingInterceptor.handleMessage(MessageSenderInterceptor.java:62)
	... 74 common frames omitted
Caused by: java.net.ConnectException: Connection refused: connect
	at java.net.DualStackPlainSocketImpl.waitForConnect(Native Method)
	at java.net.DualStackPlainSocketImpl.socketConnect(DualStackPlainSocketImpl.java:85)
	at java.net.AbstractPlainSocketImpl.doConnect(AbstractPlainSocketImpl.java:350)
	at java.net.AbstractPlainSocketImpl.connectToAddress(AbstractPlainSocketImpl.java:206)
	at java.net.AbstractPlainSocketImpl.connect(AbstractPlainSocketImpl.java:188)
	at java.net.PlainSocketImpl.connect(PlainSocketImpl.java:172)
	at java.net.SocksSocketImpl.connect(SocksSocketImpl.java:392)
	at java.net.Socket.connect(Socket.java:607)
	at sun.net.NetworkClient.doConnect(NetworkClient.java:175)
	at sun.net.www.http.HttpClient.openServer(HttpClient.java:463)
	at sun.net.www.http.HttpClient.openServer(HttpClient.java:558)
	at sun.net.www.http.HttpClient.<init>(HttpClient.java:242)
	at sun.net.www.http.HttpClient.New(HttpClient.java:339)
	at sun.net.www.http.HttpClient.New(HttpClient.java:357)
	at sun.net.www.protocol.http.HttpURLConnection.getNewHttpClient(HttpURLConnection.java:1226)
	at sun.net.www.protocol.http.HttpURLConnection.plainConnect0(HttpURLConnection.java:1205)
	at sun.net.www.protocol.http.HttpURLConnection.plainConnect(HttpURLConnection.java:1056)
	at sun.net.www.protocol.http.HttpURLConnection.connect(HttpURLConnection.java:990)
	at sun.net.www.protocol.http.HttpURLConnection.getOutputStream0(HttpURLConnection.java:1340)
	at sun.net.www.protocol.http.HttpURLConnection.getOutputStream(HttpURLConnection.java:1315)
	at org.apache.cxf.transport.http.URLConnectionHTTPConduit$URLConnectionWrappedOutputStream.setupWrappedStream(URLConnectionHTTPConduit.java:236)
	at org.apache.cxf.transport.http.HTTPConduit$WrappedOutputStream.handleHeadersTrustCaching(HTTPConduit.java:1320)
	at org.apache.cxf.transport.http.HTTPConduit$WrappedOutputStream.onFirstWrite(HTTPConduit.java:1280)
	at org.apache.cxf.transport.http.URLConnectionHTTPConduit$URLConnectionWrappedOutputStream.onFirstWrite(URLConnectionHTTPConduit.java:267)
	at org.apache.cxf.io.AbstractWrappedOutputStream.write(AbstractWrappedOutputStream.java:47)
	at org.apache.cxf.io.AbstractThresholdOutputStream.write(AbstractThresholdOutputStream.java:69)
	at org.apache.cxf.transport.http.HTTPConduit$WrappedOutputStream.close(HTTPConduit.java:1333)
	... 79 common frames omitted
]]></system-out>
  </testcase>
  <testcase name="test_add_marchand" classname="com.smile.and.pay.ebb.soap.SoapControllerTest" time="2.131">
    <error message="Could not send Message." type="javax.xml.ws.WebServiceException">javax.xml.ws.WebServiceException: Could not send Message.
	at com.smile.and.pay.ebb.soap.SoapControllerTest.test_add_marchand(SoapControllerTest.java:29)
Caused by: java.net.ConnectException: ConnectException invoking http://localhost:8080/soap-api/SmileAndPayService_1.0?wsdl: Connection refused: connect
	at com.smile.and.pay.ebb.soap.SoapControllerTest.test_add_marchand(SoapControllerTest.java:29)
Caused by: java.net.ConnectException: Connection refused: connect
	at com.smile.and.pay.ebb.soap.SoapControllerTest.test_add_marchand(SoapControllerTest.java:29)
</error>
    <system-out><![CDATA[11:19:49.479 [main] INFO org.apache.cxf.wsdl.service.factory.ReflectionServiceFactoryBean - Creating Service {http://soap.ebb.pay.and.smile.com/}SmileAndPayServiceService from class com.smile.and.pay.ebb.soap.SmileAndPayService
11:19:49.519 [main] DEBUG org.apache.cxf.jaxb.JAXBDataBinding - Created JAXBContext "jar:file:/C:/Users/u177229/.m2/repository/org/glassfish/jaxb/jaxb-runtime/2.3.6/jaxb-runtime-2.3.6.jar!/com/sun/xml/bind/v2/runtime/JAXBContextImpl.class Build-Id: 2.3.6
Classes known to this context:
  [B
  boolean
  byte
  char
  com.smile.and.pay.ebb.models.Address
  com.smile.and.pay.ebb.models.Marchand
  com.smile.and.pay.ebb.models.Product
  com.smile.and.pay.ebb.models.SmileAndPayResponse
  com.smile.and.pay.ebb.soap.jaxws_asm.AddMarchand
  com.smile.and.pay.ebb.soap.jaxws_asm.AddMarchandResponse
  com.smile.and.pay.ebb.soap.jaxws_asm.AddProduct
  com.smile.and.pay.ebb.soap.jaxws_asm.AddProductResponse
  com.smile.and.pay.ebb.soap.jaxws_asm.Associate
  com.smile.and.pay.ebb.soap.jaxws_asm.AssociateResponse
  com.smile.and.pay.ebb.soap.jaxws_asm.DeleteMarchandById
  com.smile.and.pay.ebb.soap.jaxws_asm.DeleteMarchandByIdResponse
  com.smile.and.pay.ebb.soap.jaxws_asm.DeleteProductById
  com.smile.and.pay.ebb.soap.jaxws_asm.DeleteProductByIdResponse
  com.sun.xml.bind.api.CompositeStructure
  double
  float
  int
  java.awt.Image
  java.io.File
  java.lang.Boolean
  java.lang.Byte
  java.lang.Character
  java.lang.Class
  java.lang.Double
  java.lang.Float
  java.lang.Integer
  java.lang.Long
  java.lang.Object
  java.lang.Short
  java.lang.String
  java.lang.Void
  java.math.BigDecimal
  java.math.BigInteger
  java.net.URI
  java.net.URL
  java.util.Calendar
  java.util.Date
  java.util.GregorianCalendar
  java.util.UUID
  javax.activation.DataHandler
  javax.xml.bind.JAXBElement
  javax.xml.datatype.Duration
  javax.xml.datatype.XMLGregorianCalendar
  javax.xml.namespace.QName
  javax.xml.transform.Source
  long
  org.apache.cxf.wsdl.http.AddressType
  org.apache.cxf.wsdl.http.BindingType
  org.apache.cxf.wsdl.http.OperationType
  org.apache.cxf.wsdl.http.UrlEncoded
  org.apache.cxf.wsdl.http.UrlReplacement
  short
  void
" with classes [class com.smile.and.pay.ebb.soap.jaxws_asm.Associate, class com.smile.and.pay.ebb.soap.jaxws_asm.AssociateResponse, class com.smile.and.pay.ebb.models.SmileAndPayResponse, class com.smile.and.pay.ebb.soap.jaxws_asm.AddProduct, class com.smile.and.pay.ebb.models.Product, class com.smile.and.pay.ebb.models.Marchand, class com.smile.and.pay.ebb.models.Address, class com.smile.and.pay.ebb.soap.jaxws_asm.AddProductResponse, class com.smile.and.pay.ebb.soap.jaxws_asm.AddMarchand, class com.smile.and.pay.ebb.soap.jaxws_asm.AddMarchandResponse, class com.smile.and.pay.ebb.soap.jaxws_asm.DeleteMarchandById, class com.smile.and.pay.ebb.soap.jaxws_asm.DeleteMarchandByIdResponse, class com.smile.and.pay.ebb.soap.jaxws_asm.DeleteProductById, class com.smile.and.pay.ebb.soap.jaxws_asm.DeleteProductByIdResponse, class org.apache.cxf.wsdl.http.ObjectFactory].
11:19:49.525 [main] DEBUG org.apache.cxf.jaxws.handler.AnnotationHandlerChainBuilder - building handler chain
11:19:49.525 [main] DEBUG org.apache.cxf.jaxws.handler.AnnotationHandlerChainBuilder - Checking for HandlerChain annotation on com.smile.and.pay.ebb.soap.SmileAndPayService
11:19:49.525 [main] DEBUG org.apache.cxf.jaxws.handler.AnnotationHandlerChainBuilder - no HandlerChain annotation on interface com.smile.and.pay.ebb.soap.SmileAndPayService
11:19:49.526 [main] DEBUG org.apache.cxf.endpoint.ClientImpl - Invoke, operation info: [BindingOperationInfo: {http://soap.ebb.pay.and.smile.com/}addMarchand], params: [com.smile.and.pay.ebb.models.Marchand@1874b25]
11:19:49.527 [main] DEBUG org.apache.cxf.endpoint.ClientImpl - set requestContext to message be{org.apache.cxf.jaxws.context.WrappedMessageContext.SCOPES={org.apache.cxf.message.Message.ENDPOINT_ADDRESS=APPLICATION}, org.apache.cxf.message.Message.ENDPOINT_ADDRESS=http://localhost:8080/soap-api/SmileAndPayService_1.0?wsdl, java.lang.reflect.Method=public abstract com.smile.and.pay.ebb.models.SmileAndPayResponse com.smile.and.pay.ebb.soap.SmileAndPayService.addMarchand(com.smile.and.pay.ebb.models.Marchand)}
11:19:49.527 [main] DEBUG org.apache.cxf.endpoint.ClientImpl - Interceptors contributed by bus: [org.apache.cxf.ws.policy.PolicyOutInterceptor@9c877b]
11:19:49.528 [main] DEBUG org.apache.cxf.endpoint.ClientImpl - Interceptors contributed by client: [org.apache.cxf.interceptor.LoggingOutInterceptor@1617539]
11:19:49.528 [main] DEBUG org.apache.cxf.endpoint.ClientImpl - Interceptors contributed by endpoint: [org.apache.cxf.interceptor.MessageSenderInterceptor@177f9e, org.apache.cxf.jaxws.interceptors.SwAOutInterceptor@1b4c359, org.apache.cxf.jaxws.interceptors.WrapperClassOutInterceptor@9775a9, org.apache.cxf.jaxws.interceptors.HolderOutInterceptor@e7143f]
11:19:49.528 [main] DEBUG org.apache.cxf.endpoint.ClientImpl - Interceptors contributed by binding: [org.apache.cxf.interceptor.AttachmentOutInterceptor@19b7332, org.apache.cxf.interceptor.StaxOutInterceptor@cec793, org.apache.cxf.binding.soap.interceptor.SoapHeaderOutFilterInterceptor@bfd80d, org.apache.cxf.wsdl.interceptors.WrappedOutInterceptor@1efce9e, org.apache.cxf.wsdl.interceptors.BareOutInterceptor@18969b0, org.apache.cxf.binding.soap.interceptor.SoapPreProtocolOutInterceptor@1df8190, org.apache.cxf.binding.soap.interceptor.SoapOutInterceptor@12f2f27]
11:19:49.528 [main] DEBUG org.apache.cxf.endpoint.ClientImpl - Interceptors contributed by databinding: []
11:19:49.528 [main] DEBUG org.apache.cxf.phase.PhaseInterceptorChain - Adding interceptor org.apache.cxf.ws.policy.PolicyOutInterceptor@9c877b to phase setup
11:19:49.528 [main] DEBUG org.apache.cxf.phase.PhaseInterceptorChain - Adding interceptor org.apache.cxf.interceptor.LoggingOutInterceptor@1617539 to phase pre-stream
11:19:49.528 [main] DEBUG org.apache.cxf.phase.PhaseInterceptorChain - Adding interceptor org.apache.cxf.interceptor.MessageSenderInterceptor@177f9e to phase prepare-send
11:19:49.528 [main] DEBUG org.apache.cxf.phase.PhaseInterceptorChain - Adding interceptor org.apache.cxf.jaxws.interceptors.SwAOutInterceptor@1b4c359 to phase pre-logical
11:19:49.528 [main] DEBUG org.apache.cxf.phase.PhaseInterceptorChain - Adding interceptor org.apache.cxf.jaxws.interceptors.WrapperClassOutInterceptor@9775a9 to phase pre-logical
11:19:49.529 [main] DEBUG org.apache.cxf.phase.PhaseInterceptorChain - Adding interceptor org.apache.cxf.jaxws.interceptors.HolderOutInterceptor@e7143f to phase pre-logical
11:19:49.529 [main] DEBUG org.apache.cxf.phase.PhaseInterceptorChain - Adding interceptor org.apache.cxf.interceptor.AttachmentOutInterceptor@19b7332 to phase pre-stream
11:19:49.529 [main] DEBUG org.apache.cxf.phase.PhaseInterceptorChain - Adding interceptor org.apache.cxf.interceptor.StaxOutInterceptor@cec793 to phase pre-stream
11:19:49.529 [main] DEBUG org.apache.cxf.phase.PhaseInterceptorChain - Adding interceptor org.apache.cxf.binding.soap.interceptor.SoapHeaderOutFilterInterceptor@bfd80d to phase pre-logical
11:19:49.529 [main] DEBUG org.apache.cxf.phase.PhaseInterceptorChain - Adding interceptor org.apache.cxf.wsdl.interceptors.WrappedOutInterceptor@1efce9e to phase marshal
11:19:49.529 [main] DEBUG org.apache.cxf.phase.PhaseInterceptorChain - Adding interceptor org.apache.cxf.wsdl.interceptors.BareOutInterceptor@18969b0 to phase marshal
11:19:49.529 [main] DEBUG org.apache.cxf.phase.PhaseInterceptorChain - Adding interceptor org.apache.cxf.binding.soap.interceptor.SoapPreProtocolOutInterceptor@1df8190 to phase post-logical
11:19:49.529 [main] DEBUG org.apache.cxf.phase.PhaseInterceptorChain - Adding interceptor org.apache.cxf.binding.soap.interceptor.SoapOutInterceptor@12f2f27 to phase write
11:19:49.530 [main] DEBUG org.apache.cxf.transport.http.HTTPConduit - Conduit '{http://soap.ebb.pay.and.smile.com/}SmileAndPayServicePort.http-conduit' has been (re)configured for plain http.
11:19:49.530 [main] DEBUG org.apache.cxf.transport.http.HTTPConduit - No Trust Decider configured for Conduit '{http://soap.ebb.pay.and.smile.com/}SmileAndPayServicePort.http-conduit'
11:19:49.530 [main] DEBUG org.apache.cxf.transport.http.HTTPConduit - No Auth Supplier configured for Conduit '{http://soap.ebb.pay.and.smile.com/}SmileAndPayServicePort.http-conduit'
11:19:49.530 [main] DEBUG org.apache.cxf.transport.http.HTTPConduit - Conduit '{http://soap.ebb.pay.and.smile.com/}SmileAndPayServicePort.http-conduit' has been configured for plain http.
11:19:49.530 [main] DEBUG org.apache.cxf.transport.http.HTTPConduit - registering incoming observer: org.apache.cxf.endpoint.ClientImpl@a589a2
11:19:49.531 [main] DEBUG org.apache.cxf.phase.PhaseInterceptorChain - Chain org.apache.cxf.phase.PhaseInterceptorChain@65a5ef was created. Current flow:
  setup [PolicyOutInterceptor]
  pre-logical [HolderOutInterceptor, SwAOutInterceptor, WrapperClassOutInterceptor, SoapHeaderOutFilterInterceptor]
  post-logical [SoapPreProtocolOutInterceptor]
  prepare-send [MessageSenderInterceptor]
  pre-stream [LoggingOutInterceptor, AttachmentOutInterceptor, StaxOutInterceptor]
  write [SoapOutInterceptor]
  marshal [WrappedOutInterceptor, BareOutInterceptor]

11:19:49.531 [main] DEBUG org.apache.cxf.phase.PhaseInterceptorChain - Invoking handleMessage on interceptor org.apache.cxf.ws.policy.PolicyOutInterceptor@9c877b
11:19:49.532 [main] DEBUG org.apache.cxf.phase.PhaseInterceptorChain - Invoking handleMessage on interceptor org.apache.cxf.jaxws.interceptors.HolderOutInterceptor@e7143f
11:19:49.532 [main] DEBUG org.apache.cxf.jaxws.interceptors.HolderOutInterceptor - op: [OperationInfo: {http://soap.ebb.pay.and.smile.com/}addMarchand]
11:19:49.532 [main] DEBUG org.apache.cxf.jaxws.interceptors.HolderOutInterceptor - op.hasOutput(): true
11:19:49.533 [main] DEBUG org.apache.cxf.jaxws.interceptors.HolderOutInterceptor - op.getOutput().size(): 1
11:19:49.533 [main] DEBUG org.apache.cxf.phase.PhaseInterceptorChain - Invoking handleMessage on interceptor org.apache.cxf.jaxws.interceptors.SwAOutInterceptor@1b4c359
11:19:49.533 [main] DEBUG org.apache.cxf.phase.PhaseInterceptorChain - Invoking handleMessage on interceptor org.apache.cxf.jaxws.interceptors.WrapperClassOutInterceptor@9775a9
11:19:49.538 [main] DEBUG org.apache.cxf.phase.PhaseInterceptorChain - Invoking handleMessage on interceptor org.apache.cxf.binding.soap.interceptor.SoapHeaderOutFilterInterceptor@bfd80d
11:19:49.539 [main] DEBUG org.apache.cxf.phase.PhaseInterceptorChain - Invoking handleMessage on interceptor org.apache.cxf.binding.soap.interceptor.SoapPreProtocolOutInterceptor@1df8190
11:19:49.539 [main] DEBUG org.apache.cxf.phase.PhaseInterceptorChain - Invoking handleMessage on interceptor org.apache.cxf.interceptor.MessageSenderInterceptor@177f9e
11:19:49.539 [main] DEBUG org.apache.cxf.phase.PhaseInterceptorChain - Adding interceptor org.apache.cxf.interceptor.MessageSenderInterceptor$MessageSenderEndingInterceptor@1ab4aff to phase prepare-send-ending
11:19:49.539 [main] DEBUG org.apache.cxf.phase.PhaseInterceptorChain - Chain org.apache.cxf.phase.PhaseInterceptorChain@65a5ef was modified. Current flow:
  setup [PolicyOutInterceptor]
  pre-logical [HolderOutInterceptor, SwAOutInterceptor, WrapperClassOutInterceptor, SoapHeaderOutFilterInterceptor]
  post-logical [SoapPreProtocolOutInterceptor]
  prepare-send [MessageSenderInterceptor]
  pre-stream [LoggingOutInterceptor, AttachmentOutInterceptor, StaxOutInterceptor]
  write [SoapOutInterceptor]
  marshal [WrappedOutInterceptor, BareOutInterceptor]
  prepare-send-ending [MessageSenderEndingInterceptor]

11:19:49.541 [main] DEBUG org.apache.cxf.phase.PhaseInterceptorChain - Invoking handleMessage on interceptor org.apache.cxf.interceptor.LoggingOutInterceptor@1617539
11:19:49.541 [main] DEBUG org.apache.cxf.phase.PhaseInterceptorChain - Invoking handleMessage on interceptor org.apache.cxf.interceptor.AttachmentOutInterceptor@19b7332
11:19:49.541 [main] DEBUG org.apache.cxf.phase.PhaseInterceptorChain - Invoking handleMessage on interceptor org.apache.cxf.interceptor.StaxOutInterceptor@cec793
11:19:49.542 [main] DEBUG org.apache.cxf.phase.PhaseInterceptorChain - Adding interceptor org.apache.cxf.interceptor.StaxOutEndingInterceptor@9f80d3 to phase pre-stream-ending
11:19:49.542 [main] DEBUG org.apache.cxf.phase.PhaseInterceptorChain - Chain org.apache.cxf.phase.PhaseInterceptorChain@65a5ef was modified. Current flow:
  setup [PolicyOutInterceptor]
  pre-logical [HolderOutInterceptor, SwAOutInterceptor, WrapperClassOutInterceptor, SoapHeaderOutFilterInterceptor]
  post-logical [SoapPreProtocolOutInterceptor]
  prepare-send [MessageSenderInterceptor]
  pre-stream [LoggingOutInterceptor, AttachmentOutInterceptor, StaxOutInterceptor]
  write [SoapOutInterceptor]
  marshal [WrappedOutInterceptor, BareOutInterceptor]
  pre-stream-ending [StaxOutEndingInterceptor]
  prepare-send-ending [MessageSenderEndingInterceptor]

11:19:49.542 [main] DEBUG org.apache.cxf.phase.PhaseInterceptorChain - Invoking handleMessage on interceptor org.apache.cxf.binding.soap.interceptor.SoapOutInterceptor@12f2f27
11:19:49.542 [main] DEBUG org.apache.cxf.phase.PhaseInterceptorChain - Adding interceptor org.apache.cxf.binding.soap.interceptor.SoapOutInterceptor$SoapOutEndingInterceptor@c0c838 to phase write-ending
11:19:49.542 [main] DEBUG org.apache.cxf.phase.PhaseInterceptorChain - Chain org.apache.cxf.phase.PhaseInterceptorChain@65a5ef was modified. Current flow:
  setup [PolicyOutInterceptor]
  pre-logical [HolderOutInterceptor, SwAOutInterceptor, WrapperClassOutInterceptor, SoapHeaderOutFilterInterceptor]
  post-logical [SoapPreProtocolOutInterceptor]
  prepare-send [MessageSenderInterceptor]
  pre-stream [LoggingOutInterceptor, AttachmentOutInterceptor, StaxOutInterceptor]
  write [SoapOutInterceptor]
  marshal [WrappedOutInterceptor, BareOutInterceptor]
  write-ending [SoapOutEndingInterceptor]
  pre-stream-ending [StaxOutEndingInterceptor]
  prepare-send-ending [MessageSenderEndingInterceptor]

11:19:49.543 [main] DEBUG org.apache.cxf.phase.PhaseInterceptorChain - Invoking handleMessage on interceptor org.apache.cxf.wsdl.interceptors.WrappedOutInterceptor@1efce9e
11:19:49.543 [main] DEBUG org.apache.cxf.phase.PhaseInterceptorChain - Invoking handleMessage on interceptor org.apache.cxf.wsdl.interceptors.BareOutInterceptor@18969b0
11:19:49.544 [main] DEBUG org.apache.cxf.phase.PhaseInterceptorChain - Invoking handleMessage on interceptor org.apache.cxf.binding.soap.interceptor.SoapOutInterceptor$SoapOutEndingInterceptor@c0c838
11:19:49.544 [main] DEBUG org.apache.cxf.phase.PhaseInterceptorChain - Invoking handleMessage on interceptor org.apache.cxf.interceptor.StaxOutEndingInterceptor@9f80d3
11:19:49.544 [main] DEBUG org.apache.cxf.phase.PhaseInterceptorChain - Invoking handleMessage on interceptor org.apache.cxf.interceptor.MessageSenderInterceptor$MessageSenderEndingInterceptor@1ab4aff
11:19:49.544 [main] INFO org.apache.cxf.services.SmileAndPayServiceService.SmileAndPayServicePort.SmileAndPayService - Outbound Message
---------------------------
ID: 3
Address: http://localhost:8080/soap-api/SmileAndPayService_1.0?wsdl
Encoding: UTF-8
Http-Method: POST
Content-Type: text/xml
Headers: {Accept=[*/*], SOAPAction=[""]}
Payload: <soap:Envelope xmlns:soap="http://schemas.xmlsoap.org/soap/envelope/"><soap:Body><ns2:addMarchand xmlns:ns2="http://soap.ebb.pay.and.smile.com/" xmlns:ns3="http://schemas.xmlsoap.org/wsdl/http/"><marchand><birthdate>1976-02-22T11:42:13.783+01:00</birthdate><create_date>2022-09-05T11:19:49.526+02:00</create_date><lastname>Moretti</lastname><name>Dupont</name></marchand></ns2:addMarchand></soap:Body></soap:Envelope>
--------------------------------------
11:19:49.545 [main] DEBUG org.apache.cxf.transport.http.Headers - Accept: */*
11:19:49.545 [main] DEBUG org.apache.cxf.transport.http.Headers - SOAPAction: ""
11:19:49.545 [main] DEBUG org.apache.cxf.transport.http.HTTPConduit - No Trust Decider for Conduit '{http://soap.ebb.pay.and.smile.com/}SmileAndPayServicePort.http-conduit'. An afirmative Trust Decision is assumed.
[...]
11:19:51.702 [main] DEBUG org.apache.cxf.phase.PhaseInterceptorChain - Invoking handleMessage on interceptor org.apache.cxf.binding.soap.interceptor.SoapHeaderOutFilterInterceptor@bfd80d
11:19:51.702 [main] DEBUG org.apache.cxf.phase.PhaseInterceptorChain - Invoking handleMessage on interceptor org.apache.cxf.binding.soap.interceptor.SoapPreProtocolOutInterceptor@89713
11:19:51.702 [main] DEBUG org.apache.cxf.phase.PhaseInterceptorChain - Invoking handleMessage on interceptor org.apache.cxf.interceptor.MessageSenderInterceptor@bdc168
11:19:51.702 [main] DEBUG org.apache.cxf.phase.PhaseInterceptorChain - Adding interceptor org.apache.cxf.interceptor.MessageSenderInterceptor$MessageSenderEndingInterceptor@1d4cae3 to phase prepare-send-ending
11:19:51.703 [main] DEBUG org.apache.cxf.phase.PhaseInterceptorChain - Chain org.apache.cxf.phase.PhaseInterceptorChain@191d8c4 was modified. Current flow:
  setup [PolicyOutInterceptor]
  pre-logical [HolderOutInterceptor, SwAOutInterceptor, WrapperClassOutInterceptor, SoapHeaderOutFilterInterceptor]
  post-logical [SoapPreProtocolOutInterceptor]
  prepare-send [MessageSenderInterceptor]
  pre-stream [LoggingOutInterceptor, AttachmentOutInterceptor, StaxOutInterceptor]
  write [SoapOutInterceptor]
  marshal [WrappedOutInterceptor, BareOutInterceptor]
  prepare-send-ending [MessageSenderEndingInterceptor]

11:19:51.703 [main] DEBUG org.apache.cxf.phase.PhaseInterceptorChain - Invoking handleMessage on interceptor org.apache.cxf.interceptor.LoggingOutInterceptor@1ab2585
11:19:51.703 [main] DEBUG org.apache.cxf.phase.PhaseInterceptorChain - Invoking handleMessage on interceptor org.apache.cxf.interceptor.AttachmentOutInterceptor@1b3a9fe
11:19:51.703 [main] DEBUG org.apache.cxf.phase.PhaseInterceptorChain - Invoking handleMessage on interceptor org.apache.cxf.interceptor.StaxOutInterceptor@bee484
11:19:51.703 [main] DEBUG org.apache.cxf.phase.PhaseInterceptorChain - Adding interceptor org.apache.cxf.interceptor.StaxOutEndingInterceptor@9f80d3 to phase pre-stream-ending
11:19:51.703 [main] DEBUG org.apache.cxf.phase.PhaseInterceptorChain - Chain org.apache.cxf.phase.PhaseInterceptorChain@191d8c4 was modified. Current flow:
  setup [PolicyOutInterceptor]
  pre-logical [HolderOutInterceptor, SwAOutInterceptor, WrapperClassOutInterceptor, SoapHeaderOutFilterInterceptor]
  post-logical [SoapPreProtocolOutInterceptor]
  prepare-send [MessageSenderInterceptor]
  pre-stream [LoggingOutInterceptor, AttachmentOutInterceptor, StaxOutInterceptor]
  write [SoapOutInterceptor]
  marshal [WrappedOutInterceptor, BareOutInterceptor]
  pre-stream-ending [StaxOutEndingInterceptor]
  prepare-send-ending [MessageSenderEndingInterceptor]

11:19:51.704 [main] DEBUG org.apache.cxf.phase.PhaseInterceptorChain - Invoking handleMessage on interceptor org.apache.cxf.binding.soap.interceptor.SoapOutInterceptor@119c9d2
11:19:51.704 [main] DEBUG org.apache.cxf.phase.PhaseInterceptorChain - Adding interceptor org.apache.cxf.binding.soap.interceptor.SoapOutInterceptor$SoapOutEndingInterceptor@67c25 to phase write-ending
11:19:51.704 [main] DEBUG org.apache.cxf.phase.PhaseInterceptorChain - Chain org.apache.cxf.phase.PhaseInterceptorChain@191d8c4 was modified. Current flow:
  setup [PolicyOutInterceptor]
  pre-logical [HolderOutInterceptor, SwAOutInterceptor, WrapperClassOutInterceptor, SoapHeaderOutFilterInterceptor]
  post-logical [SoapPreProtocolOutInterceptor]
  prepare-send [MessageSenderInterceptor]
  pre-stream [LoggingOutInterceptor, AttachmentOutInterceptor, StaxOutInterceptor]
  write [SoapOutInterceptor]
  marshal [WrappedOutInterceptor, BareOutInterceptor]
  write-ending [SoapOutEndingInterceptor]
  pre-stream-ending [StaxOutEndingInterceptor]
  prepare-send-ending [MessageSenderEndingInterceptor]

11:19:51.704 [main] DEBUG org.apache.cxf.phase.PhaseInterceptorChain - Invoking handleMessage on interceptor org.apache.cxf.wsdl.interceptors.WrappedOutInterceptor@1811d00
11:19:51.704 [main] DEBUG org.apache.cxf.phase.PhaseInterceptorChain - Invoking handleMessage on interceptor org.apache.cxf.wsdl.interceptors.BareOutInterceptor@923ee6
11:19:51.705 [main] DEBUG org.apache.cxf.phase.PhaseInterceptorChain - Invoking handleMessage on interceptor org.apache.cxf.binding.soap.interceptor.SoapOutInterceptor$SoapOutEndingInterceptor@67c25
11:19:51.705 [main] DEBUG org.apache.cxf.phase.PhaseInterceptorChain - Invoking handleMessage on interceptor org.apache.cxf.interceptor.StaxOutEndingInterceptor@9f80d3
11:19:51.705 [main] DEBUG org.apache.cxf.phase.PhaseInterceptorChain - Invoking handleMessage on interceptor org.apache.cxf.interceptor.MessageSenderInterceptor$MessageSenderEndingInterceptor@1d4cae3
11:19:51.705 [main] INFO org.apache.cxf.services.SmileAndPayServiceService.SmileAndPayServicePort.SmileAndPayService - Outbound Message
---------------------------
ID: 4
Address: http://localhost:8080/soap-api/SmileAndPayService_1.0?wsdl
Encoding: UTF-8
Http-Method: POST
Content-Type: text/xml
Headers: {Accept=[*/*], SOAPAction=[""]}
Payload: <soap:Envelope xmlns:soap="http://schemas.xmlsoap.org/soap/envelope/"><soap:Body><ns2:deleteMarchandById xmlns:ns2="http://soap.ebb.pay.and.smile.com/" xmlns:ns3="http://schemas.xmlsoap.org/wsdl/http/"><marchandId>1</marchandId></ns2:deleteMarchandById></soap:Body></soap:Envelope>
--------------------------------------
11:19:51.705 [main] DEBUG org.apache.cxf.transport.http.Headers - Accept: */*
11:19:51.706 [main] DEBUG org.apache.cxf.transport.http.Headers - SOAPAction: ""
11:19:51.706 [main] DEBUG org.apache.cxf.transport.http.HTTPConduit - No Trust Decider for Conduit '{http://soap.ebb.pay.and.smile.com/}SmileAndPayServicePort.http-conduit'. An afirmative Trust Decision is assumed.
11:19:53.760 [main] DEBUG org.apache.cxf.phase.PhaseInterceptorChain - Invoking handleFault on interceptor org.apache.cxf.interceptor.MessageSenderInterceptor$MessageSenderEndingInterceptor@1d4cae3
11:19:53.760 [main] DEBUG org.apache.cxf.phase.PhaseInterceptorChain - Invoking handleFault on interceptor org.apache.cxf.interceptor.StaxOutEndingInterceptor@9f80d3
11:19:53.760 [main] DEBUG org.apache.cxf.phase.PhaseInterceptorChain - Invoking handleFault on interceptor org.apache.cxf.binding.soap.interceptor.SoapOutInterceptor$SoapOutEndingInterceptor@67c25
11:19:53.760 [main] DEBUG org.apache.cxf.phase.PhaseInterceptorChain - Invoking handleFault on interceptor org.apache.cxf.wsdl.interceptors.BareOutInterceptor@923ee6
11:19:53.761 [main] DEBUG org.apache.cxf.phase.PhaseInterceptorChain - Invoking handleFault on interceptor org.apache.cxf.wsdl.interceptors.WrappedOutInterceptor@1811d00
11:19:53.761 [main] DEBUG org.apache.cxf.phase.PhaseInterceptorChain - Invoking handleFault on interceptor org.apache.cxf.binding.soap.interceptor.SoapOutInterceptor@119c9d2
11:19:53.761 [main] DEBUG org.apache.cxf.phase.PhaseInterceptorChain - Invoking handleFault on interceptor org.apache.cxf.interceptor.StaxOutInterceptor@bee484
11:19:53.761 [main] DEBUG org.apache.cxf.phase.PhaseInterceptorChain - Invoking handleFault on interceptor org.apache.cxf.interceptor.AttachmentOutInterceptor@1b3a9fe
11:19:53.761 [main] DEBUG org.apache.cxf.phase.PhaseInterceptorChain - Invoking handleFault on interceptor org.apache.cxf.interceptor.LoggingOutInterceptor@1ab2585
11:19:53.761 [main] DEBUG org.apache.cxf.phase.PhaseInterceptorChain - Invoking handleFault on interceptor org.apache.cxf.interceptor.MessageSenderInterceptor@bdc168
11:19:53.761 [main] DEBUG org.apache.cxf.phase.PhaseInterceptorChain - Invoking handleFault on interceptor org.apache.cxf.binding.soap.interceptor.SoapPreProtocolOutInterceptor@89713
11:19:53.761 [main] DEBUG org.apache.cxf.phase.PhaseInterceptorChain - Invoking handleFault on interceptor org.apache.cxf.binding.soap.interceptor.SoapHeaderOutFilterInterceptor@bfd80d
11:19:53.761 [main] DEBUG org.apache.cxf.phase.PhaseInterceptorChain - Invoking handleFault on interceptor org.apache.cxf.jaxws.interceptors.WrapperClassOutInterceptor@12a02d9
11:19:53.761 [main] DEBUG org.apache.cxf.phase.PhaseInterceptorChain - Invoking handleFault on interceptor org.apache.cxf.jaxws.interceptors.SwAOutInterceptor@4c78d4
11:19:53.761 [main] DEBUG org.apache.cxf.phase.PhaseInterceptorChain - Invoking handleFault on interceptor org.apache.cxf.jaxws.interceptors.HolderOutInterceptor@11f8234
11:19:53.761 [main] DEBUG org.apache.cxf.phase.PhaseInterceptorChain - Invoking handleFault on interceptor org.apache.cxf.ws.policy.PolicyOutInterceptor@9c877b
11:19:53.763 [main] WARN org.apache.cxf.phase.PhaseInterceptorChain - Interceptor for {http://soap.ebb.pay.and.smile.com/}SmileAndPayServiceService#{http://soap.ebb.pay.and.smile.com/}deleteMarchandById has thrown exception, unwinding now
org.apache.cxf.interceptor.Fault: Could not send Message.
	at org.apache.cxf.interceptor.MessageSenderInterceptor$MessageSenderEndingInterceptor.handleMessage(MessageSenderInterceptor.java:64)
	at org.apache.cxf.phase.PhaseInterceptorChain.doIntercept(PhaseInterceptorChain.java:308)
	at org.apache.cxf.endpoint.ClientImpl.doInvoke(ClientImpl.java:514)
	at org.apache.cxf.endpoint.ClientImpl.invoke(ClientImpl.java:423)
	at org.apache.cxf.endpoint.ClientImpl.invoke(ClientImpl.java:324)
	at org.apache.cxf.endpoint.ClientImpl.invoke(ClientImpl.java:277)
	at org.apache.cxf.frontend.ClientProxy.invokeSync(ClientProxy.java:96)
	at org.apache.cxf.jaxws.JaxWsClientProxy.invoke(JaxWsClientProxy.java:139)
	at com.sun.proxy.$Proxy90.deleteMarchandById(Unknown Source)
	at com.smile.and.pay.ebb.soap.SoapControllerTest.test_delete_marchand(SoapControllerTest.java:59)
	at sun.reflect.NativeMethodAccessorImpl.invoke0(Native Method)
	at sun.reflect.NativeMethodAccessorImpl.invoke(NativeMethodAccessorImpl.java:62)
	at sun.reflect.DelegatingMethodAccessorImpl.invoke(DelegatingMethodAccessorImpl.java:43)
	at java.lang.reflect.Method.invoke(Method.java:498)
	at org.junit.platform.commons.util.ReflectionUtils.invokeMethod(ReflectionUtils.java:725)
	at org.junit.jupiter.engine.execution.MethodInvocation.proceed(MethodInvocation.java:60)
	at org.junit.jupiter.engine.execution.InvocationInterceptorChain$ValidatingInvocation.proceed(InvocationInterceptorChain.java:131)
	at org.junit.jupiter.engine.extension.TimeoutExtension.intercept(TimeoutExtension.java:149)
	at org.junit.jupiter.engine.extension.TimeoutExtension.interceptTestableMethod(TimeoutExtension.java:140)
	at org.junit.jupiter.engine.extension.TimeoutExtension.interceptTestMethod(TimeoutExtension.java:84)
	at org.junit.jupiter.engine.execution.ExecutableInvoker$ReflectiveInterceptorCall.lambda$ofVoidMethod$0(ExecutableInvoker.java:115)
	at org.junit.jupiter.engine.execution.ExecutableInvoker.lambda$invoke$0(ExecutableInvoker.java:105)
	at org.junit.jupiter.engine.execution.InvocationInterceptorChain$InterceptedInvocation.proceed(InvocationInterceptorChain.java:106)
	at org.junit.jupiter.engine.execution.InvocationInterceptorChain.proceed(InvocationInterceptorChain.java:64)
	at org.junit.jupiter.engine.execution.InvocationInterceptorChain.chainAndInvoke(InvocationInterceptorChain.java:45)
	at org.junit.jupiter.engine.execution.InvocationInterceptorChain.invoke(InvocationInterceptorChain.java:37)
	at org.junit.jupiter.engine.execution.ExecutableInvoker.invoke(ExecutableInvoker.java:104)
	at org.junit.jupiter.engine.execution.ExecutableInvoker.invoke(ExecutableInvoker.java:98)
	at org.junit.jupiter.engine.descriptor.TestMethodTestDescriptor.lambda$invokeTestMethod$7(TestMethodTestDescriptor.java:214)
	at org.junit.platform.engine.support.hierarchical.ThrowableCollector.execute(ThrowableCollector.java:73)
	at org.junit.jupiter.engine.descriptor.TestMethodTestDescriptor.invokeTestMethod(TestMethodTestDescriptor.java:210)
	at org.junit.jupiter.engine.descriptor.TestMethodTestDescriptor.execute(TestMethodTestDescriptor.java:135)
	at org.junit.jupiter.engine.descriptor.TestMethodTestDescriptor.execute(TestMethodTestDescriptor.java:66)
	at org.junit.platform.engine.support.hierarchical.NodeTestTask.lambda$executeRecursively$6(NodeTestTask.java:151)
	at org.junit.platform.engine.support.hierarchical.ThrowableCollector.execute(ThrowableCollector.java:73)
	at org.junit.platform.engine.support.hierarchical.NodeTestTask.lambda$executeRecursively$8(NodeTestTask.java:141)
	at org.junit.platform.engine.support.hierarchical.Node.around(Node.java:137)
	at org.junit.platform.engine.support.hierarchical.NodeTestTask.lambda$executeRecursively$9(NodeTestTask.java:139)
	at org.junit.platform.engine.support.hierarchical.ThrowableCollector.execute(ThrowableCollector.java:73)
	at org.junit.platform.engine.support.hierarchical.NodeTestTask.executeRecursively(NodeTestTask.java:138)
	at org.junit.platform.engine.support.hierarchical.NodeTestTask.execute(NodeTestTask.java:95)
	at java.util.ArrayList.forEach(ArrayList.java:1259)
	at org.junit.platform.engine.support.hierarchical.SameThreadHierarchicalTestExecutorService.invokeAll(SameThreadHierarchicalTestExecutorService.java:41)
	at org.junit.platform.engine.support.hierarchical.NodeTestTask.lambda$executeRecursively$6(NodeTestTask.java:155)
	at org.junit.platform.engine.support.hierarchical.ThrowableCollector.execute(ThrowableCollector.java:73)
	at org.junit.platform.engine.support.hierarchical.NodeTestTask.lambda$executeRecursively$8(NodeTestTask.java:141)
	at org.junit.platform.engine.support.hierarchical.Node.around(Node.java:137)
	at org.junit.platform.engine.support.hierarchical.NodeTestTask.lambda$executeRecursively$9(NodeTestTask.java:139)
	at org.junit.platform.engine.support.hierarchical.ThrowableCollector.execute(ThrowableCollector.java:73)
	at org.junit.platform.engine.support.hierarchical.NodeTestTask.executeRecursively(NodeTestTask.java:138)
	at org.junit.platform.engine.support.hierarchical.NodeTestTask.execute(NodeTestTask.java:95)
	at java.util.ArrayList.forEach(ArrayList.java:1259)
	at org.junit.platform.engine.support.hierarchical.SameThreadHierarchicalTestExecutorService.invokeAll(SameThreadHierarchicalTestExecutorService.java:41)
	at org.junit.platform.engine.support.hierarchical.NodeTestTask.lambda$executeRecursively$6(NodeTestTask.java:155)
	at org.junit.platform.engine.support.hierarchical.ThrowableCollector.execute(ThrowableCollector.java:73)
	at org.junit.platform.engine.support.hierarchical.NodeTestTask.lambda$executeRecursively$8(NodeTestTask.java:141)
	at org.junit.platform.engine.support.hierarchical.Node.around(Node.java:137)
	at org.junit.platform.engine.support.hierarchical.NodeTestTask.lambda$executeRecursively$9(NodeTestTask.java:139)
	at org.junit.platform.engine.support.hierarchical.ThrowableCollector.execute(ThrowableCollector.java:73)
	at org.junit.platform.engine.support.hierarchical.NodeTestTask.executeRecursively(NodeTestTask.java:138)
	at org.junit.platform.engine.support.hierarchical.NodeTestTask.execute(NodeTestTask.java:95)
	at org.junit.platform.engine.support.hierarchical.SameThreadHierarchicalTestExecutorService.submit(SameThreadHierarchicalTestExecutorService.java:35)
	at org.junit.platform.engine.support.hierarchical.HierarchicalTestExecutor.execute(HierarchicalTestExecutor.java:57)
	at org.junit.platform.engine.support.hierarchical.HierarchicalTestEngine.execute(HierarchicalTestEngine.java:54)
	at org.junit.platform.launcher.core.DefaultLauncher.execute(DefaultLauncher.java:220)
	at org.junit.platform.launcher.core.DefaultLauncher.lambda$execute$6(DefaultLauncher.java:188)
	at org.junit.platform.launcher.core.DefaultLauncher.withInterceptedStreams(DefaultLauncher.java:202)
	at org.junit.platform.launcher.core.DefaultLauncher.execute(DefaultLauncher.java:181)
	at org.junit.platform.launcher.core.DefaultLauncher.execute(DefaultLauncher.java:128)
	at org.apache.maven.surefire.junitplatform.JUnitPlatformProvider.invokeAllTests(JUnitPlatformProvider.java:150)
	at org.apache.maven.surefire.junitplatform.JUnitPlatformProvider.invoke(JUnitPlatformProvider.java:124)
	at org.apache.maven.surefire.booter.ForkedBooter.invokeProviderInSameClassLoader(ForkedBooter.java:384)
	at org.apache.maven.surefire.booter.ForkedBooter.runSuitesInProcess(ForkedBooter.java:345)
	at org.apache.maven.surefire.booter.ForkedBooter.execute(ForkedBooter.java:126)
	at org.apache.maven.surefire.booter.ForkedBooter.main(ForkedBooter.java:418)
Caused by: java.net.ConnectException: ConnectException invoking http://localhost:8080/soap-api/SmileAndPayService_1.0?wsdl: Connection refused: connect
	at sun.reflect.NativeConstructorAccessorImpl.newInstance0(Native Method)
	at sun.reflect.NativeConstructorAccessorImpl.newInstance(NativeConstructorAccessorImpl.java:62)
	at sun.reflect.DelegatingConstructorAccessorImpl.newInstance(DelegatingConstructorAccessorImpl.java:45)
	at java.lang.reflect.Constructor.newInstance(Constructor.java:423)
	at org.apache.cxf.transport.http.HTTPConduit$WrappedOutputStream.mapException(HTTPConduit.java:1377)
	at org.apache.cxf.transport.http.HTTPConduit$WrappedOutputStream.close(HTTPConduit.java:1361)
	at org.apache.cxf.io.CacheAndWriteOutputStream.postClose(CacheAndWriteOutputStream.java:56)
	at org.apache.cxf.io.CachedOutputStream.close(CachedOutputStream.java:216)
	at org.apache.cxf.transport.AbstractConduit.close(AbstractConduit.java:56)
	at org.apache.cxf.transport.http.HTTPConduit.close(HTTPConduit.java:651)
	at org.apache.cxf.interceptor.MessageSenderInterceptor$MessageSenderEndingInterceptor.handleMessage(MessageSenderInterceptor.java:62)
	... 74 common frames omitted
Caused by: java.net.ConnectException: Connection refused: connect
	at java.net.DualStackPlainSocketImpl.waitForConnect(Native Method)
	at java.net.DualStackPlainSocketImpl.socketConnect(DualStackPlainSocketImpl.java:85)
	at java.net.AbstractPlainSocketImpl.doConnect(AbstractPlainSocketImpl.java:350)
	at java.net.AbstractPlainSocketImpl.connectToAddress(AbstractPlainSocketImpl.java:206)
	at java.net.AbstractPlainSocketImpl.connect(AbstractPlainSocketImpl.java:188)
	at java.net.PlainSocketImpl.connect(PlainSocketImpl.java:172)
	at java.net.SocksSocketImpl.connect(SocksSocketImpl.java:392)
	at java.net.Socket.connect(Socket.java:607)
	at sun.net.NetworkClient.doConnect(NetworkClient.java:175)
	at sun.net.www.http.HttpClient.openServer(HttpClient.java:463)
	at sun.net.www.http.HttpClient.openServer(HttpClient.java:558)
	at sun.net.www.http.HttpClient.<init>(HttpClient.java:242)
	at sun.net.www.http.HttpClient.New(HttpClient.java:339)
	at sun.net.www.http.HttpClient.New(HttpClient.java:357)
	at sun.net.www.protocol.http.HttpURLConnection.getNewHttpClient(HttpURLConnection.java:1226)
	at sun.net.www.protocol.http.HttpURLConnection.plainConnect0(HttpURLConnection.java:1205)
	at sun.net.www.protocol.http.HttpURLConnection.plainConnect(HttpURLConnection.java:1056)
	at sun.net.www.protocol.http.HttpURLConnection.connect(HttpURLConnection.java:990)
	at sun.net.www.protocol.http.HttpURLConnection.getOutputStream0(HttpURLConnection.java:1340)
	at sun.net.www.protocol.http.HttpURLConnection.getOutputStream(HttpURLConnection.java:1315)
	at org.apache.cxf.transport.http.URLConnectionHTTPConduit$URLConnectionWrappedOutputStream.setupWrappedStream(URLConnectionHTTPConduit.java:236)
	at org.apache.cxf.transport.http.HTTPConduit$WrappedOutputStream.handleHeadersTrustCaching(HTTPConduit.java:1320)
	at org.apache.cxf.transport.http.HTTPConduit$WrappedOutputStream.onFirstWrite(HTTPConduit.java:1280)
	at org.apache.cxf.transport.http.URLConnectionHTTPConduit$URLConnectionWrappedOutputStream.onFirstWrite(URLConnectionHTTPConduit.java:267)
	at org.apache.cxf.io.AbstractWrappedOutputStream.write(AbstractWrappedOutputStream.java:47)
	at org.apache.cxf.io.AbstractThresholdOutputStream.write(AbstractThresholdOutputStream.java:69)
	at org.apache.cxf.transport.http.HTTPConduit$WrappedOutputStream.close(HTTPConduit.java:1333)
	... 79 common frames omitted
]]></system-out>
  </testcase>
</testsuite>